{"/Users/adriancardina/Desktop/satellitepredictiontracker/frontend/playwright.config.ts": {"path":"/Users/adriancardina/Desktop/satellitepredictiontracker/frontend/playwright.config.ts","all":true,"statementMap":{"0":{"start":{"line":1,"column":0},"end":{"line":1,"column":57}},"11":{"start":{"line":12,"column":0},"end":{"line":12,"column":29}},"12":{"start":{"line":13,"column":0},"end":{"line":13,"column":19}},"14":{"start":{"line":15,"column":0},"end":{"line":15,"column":22}},"16":{"start":{"line":17,"column":0},"end":{"line":17,"column":31}},"18":{"start":{"line":19,"column":0},"end":{"line":19,"column":34}},"20":{"start":{"line":21,"column":0},"end":{"line":21,"column":42}},"22":{"start":{"line":23,"column":0},"end":{"line":23,"column":19}},"24":{"start":{"line":25,"column":0},"end":{"line":25,"column":8}},"26":{"start":{"line":27,"column":0},"end":{"line":27,"column":37}},"28":{"start":{"line":29,"column":0},"end":{"line":29,"column":28}},"29":{"start":{"line":30,"column":0},"end":{"line":30,"column":4}},"32":{"start":{"line":33,"column":0},"end":{"line":33,"column":13}},"33":{"start":{"line":34,"column":0},"end":{"line":34,"column":5}},"34":{"start":{"line":35,"column":0},"end":{"line":35,"column":23}},"35":{"start":{"line":36,"column":0},"end":{"line":36,"column":44}},"36":{"start":{"line":37,"column":0},"end":{"line":37,"column":6}},"38":{"start":{"line":39,"column":0},"end":{"line":39,"column":5}},"39":{"start":{"line":40,"column":0},"end":{"line":40,"column":22}},"40":{"start":{"line":41,"column":0},"end":{"line":41,"column":45}},"41":{"start":{"line":42,"column":0},"end":{"line":42,"column":6}},"43":{"start":{"line":44,"column":0},"end":{"line":44,"column":5}},"44":{"start":{"line":45,"column":0},"end":{"line":45,"column":21}},"45":{"start":{"line":46,"column":0},"end":{"line":46,"column":44}},"46":{"start":{"line":47,"column":0},"end":{"line":47,"column":6}},"49":{"start":{"line":50,"column":0},"end":{"line":50,"column":5}},"50":{"start":{"line":51,"column":0},"end":{"line":51,"column":28}},"51":{"start":{"line":52,"column":0},"end":{"line":52,"column":37}},"52":{"start":{"line":53,"column":0},"end":{"line":53,"column":6}},"53":{"start":{"line":54,"column":0},"end":{"line":54,"column":5}},"54":{"start":{"line":55,"column":0},"end":{"line":55,"column":28}},"55":{"start":{"line":56,"column":0},"end":{"line":56,"column":39}},"56":{"start":{"line":57,"column":0},"end":{"line":57,"column":6}},"67":{"start":{"line":68,"column":0},"end":{"line":68,"column":4}},"70":{"start":{"line":71,"column":0},"end":{"line":71,"column":14}},"71":{"start":{"line":72,"column":0},"end":{"line":72,"column":27}},"72":{"start":{"line":73,"column":0},"end":{"line":73,"column":33}},"73":{"start":{"line":74,"column":0},"end":{"line":74,"column":41}},"74":{"start":{"line":75,"column":0},"end":{"line":75,"column":4}},"75":{"start":{"line":76,"column":0},"end":{"line":76,"column":3}}},"s":{"0":0,"11":0,"12":0,"14":0,"16":0,"18":0,"20":0,"22":0,"24":0,"26":0,"28":0,"29":0,"32":0,"33":0,"34":0,"35":0,"36":0,"38":0,"39":0,"40":0,"41":0,"43":0,"44":0,"45":0,"46":0,"49":0,"50":0,"51":0,"52":0,"53":0,"54":0,"55":0,"56":0,"67":0,"70":0,"71":0,"72":0,"73":0,"74":0,"75":0},"branchMap":{"0":{"type":"branch","line":1,"loc":{"start":{"line":1,"column":2040},"end":{"line":76,"column":3}},"locations":[{"start":{"line":1,"column":2040},"end":{"line":76,"column":3}}]}},"b":{"0":[0]},"fnMap":{"0":{"name":"(empty-report)","decl":{"start":{"line":1,"column":2040},"end":{"line":76,"column":3}},"loc":{"start":{"line":1,"column":2040},"end":{"line":76,"column":3}},"line":1}},"f":{"0":0}}
,"/Users/adriancardina/Desktop/satellitepredictiontracker/frontend/tailwind.config.js": {"path":"/Users/adriancardina/Desktop/satellitepredictiontracker/frontend/tailwind.config.js","all":true,"statementMap":{"0":{"start":{"line":1,"column":0},"end":{"line":1,"column":43}},"1":{"start":{"line":2,"column":0},"end":{"line":2,"column":16}},"2":{"start":{"line":3,"column":0},"end":{"line":3,"column":12}},"3":{"start":{"line":4,"column":0},"end":{"line":4,"column":19}},"4":{"start":{"line":5,"column":0},"end":{"line":5,"column":33}},"5":{"start":{"line":6,"column":0},"end":{"line":6,"column":4}},"6":{"start":{"line":7,"column":0},"end":{"line":7,"column":10}},"7":{"start":{"line":8,"column":0},"end":{"line":8,"column":13}},"8":{"start":{"line":9,"column":0},"end":{"line":9,"column":15}},"9":{"start":{"line":10,"column":0},"end":{"line":10,"column":34}},"10":{"start":{"line":11,"column":0},"end":{"line":11,"column":34}},"11":{"start":{"line":12,"column":0},"end":{"line":12,"column":32}},"12":{"start":{"line":13,"column":0},"end":{"line":13,"column":34}},"13":{"start":{"line":14,"column":0},"end":{"line":14,"column":30}},"14":{"start":{"line":15,"column":0},"end":{"line":15,"column":30}},"15":{"start":{"line":16,"column":0},"end":{"line":16,"column":30}},"16":{"start":{"line":17,"column":0},"end":{"line":17,"column":8}},"17":{"start":{"line":18,"column":0},"end":{"line":18,"column":23}},"18":{"start":{"line":19,"column":0},"end":{"line":19,"column":21}},"19":{"start":{"line":20,"column":0},"end":{"line":20,"column":8}},"20":{"start":{"line":21,"column":0},"end":{"line":21,"column":6}},"21":{"start":{"line":22,"column":0},"end":{"line":22,"column":4}},"22":{"start":{"line":23,"column":0},"end":{"line":23,"column":14}},"23":{"start":{"line":24,"column":0},"end":{"line":24,"column":1}}},"s":{"0":0,"1":0,"2":0,"3":0,"4":0,"5":0,"6":0,"7":0,"8":0,"9":0,"10":0,"11":0,"12":0,"13":0,"14":0,"15":0,"16":0,"17":0,"18":0,"19":0,"20":0,"21":0,"22":0,"23":0},"branchMap":{"0":{"type":"branch","line":1,"loc":{"start":{"line":1,"column":497},"end":{"line":24,"column":1}},"locations":[{"start":{"line":1,"column":497},"end":{"line":24,"column":1}}]}},"b":{"0":[0]},"fnMap":{"0":{"name":"(empty-report)","decl":{"start":{"line":1,"column":497},"end":{"line":24,"column":1}},"loc":{"start":{"line":1,"column":497},"end":{"line":24,"column":1}},"line":1}},"f":{"0":0}}
,"/Users/adriancardina/Desktop/satellitepredictiontracker/frontend/public/draco/draco_decoder.js": {"path":"/Users/adriancardina/Desktop/satellitepredictiontracker/frontend/public/draco/draco_decoder.js","all":true,"statementMap":{"1":{"start":{"line":2,"column":0},"end":{"line":2,"column":33}},"2":{"start":{"line":3,"column":0},"end":{"line":3,"column":118}},"3":{"start":{"line":4,"column":0},"end":{"line":4,"column":79}},"4":{"start":{"line":5,"column":0},"end":{"line":5,"column":10}},"5":{"start":{"line":6,"column":0},"end":{"line":6,"column":36}},"7":{"start":{"line":8,"column":0},"end":{"line":8,"column":4611}},"8":{"start":{"line":9,"column":0},"end":{"line":9,"column":23}},"9":{"start":{"line":10,"column":0},"end":{"line":10,"column":15299}},"10":{"start":{"line":11,"column":0},"end":{"line":11,"column":25}},"11":{"start":{"line":12,"column":0},"end":{"line":12,"column":219380}},"12":{"start":{"line":13,"column":0},"end":{"line":13,"column":128649}},"13":{"start":{"line":14,"column":0},"end":{"line":14,"column":46778}},"14":{"start":{"line":15,"column":0},"end":{"line":15,"column":5067}},"15":{"start":{"line":16,"column":0},"end":{"line":16,"column":23}},"16":{"start":{"line":17,"column":0},"end":{"line":17,"column":2491}},"17":{"start":{"line":18,"column":0},"end":{"line":18,"column":21}},"20":{"start":{"line":21,"column":0},"end":{"line":21,"column":89447}},"23":{"start":{"line":24,"column":0},"end":{"line":24,"column":33}},"24":{"start":{"line":25,"column":0},"end":{"line":25,"column":1}},"25":{"start":{"line":26,"column":0},"end":{"line":26,"column":2}},"26":{"start":{"line":27,"column":0},"end":{"line":27,"column":5}},"27":{"start":{"line":28,"column":0},"end":{"line":28,"column":62}},"28":{"start":{"line":29,"column":0},"end":{"line":29,"column":38}},"29":{"start":{"line":30,"column":0},"end":{"line":30,"column":55}},"30":{"start":{"line":31,"column":0},"end":{"line":31,"column":56}},"31":{"start":{"line":32,"column":0},"end":{"line":32,"column":37}},"32":{"start":{"line":33,"column":0},"end":{"line":33,"column":53}}},"s":{"1":0,"2":0,"3":0,"4":0,"5":0,"7":0,"8":0,"9":0,"10":0,"11":0,"12":0,"13":0,"14":0,"15":0,"16":0,"17":0,"20":0,"23":0,"24":0,"25":0,"26":0,"27":0,"28":0,"29":0,"30":0,"31":0,"32":0},"branchMap":{"0":{"type":"branch","line":1,"loc":{"start":{"line":1,"column":512464},"end":{"line":33,"column":53}},"locations":[{"start":{"line":1,"column":512464},"end":{"line":33,"column":53}}]}},"b":{"0":[1]},"fnMap":{"0":{"name":"(empty-report)","decl":{"start":{"line":1,"column":512464},"end":{"line":33,"column":53}},"loc":{"start":{"line":1,"column":512464},"end":{"line":33,"column":53}},"line":1}},"f":{"0":1}}
,"/Users/adriancardina/Desktop/satellitepredictiontracker/frontend/public/draco/draco_wasm_wrapper.js": {"path":"/Users/adriancardina/Desktop/satellitepredictiontracker/frontend/public/draco/draco_wasm_wrapper.js","all":true,"statementMap":{"0":{"start":{"line":1,"column":0},"end":{"line":1,"column":503}},"1":{"start":{"line":2,"column":0},"end":{"line":2,"column":442}},"2":{"start":{"line":3,"column":0},"end":{"line":3,"column":453}},"3":{"start":{"line":4,"column":0},"end":{"line":4,"column":283}},"4":{"start":{"line":5,"column":0},"end":{"line":5,"column":253}},"5":{"start":{"line":6,"column":0},"end":{"line":6,"column":519}},"6":{"start":{"line":7,"column":0},"end":{"line":7,"column":161}},"7":{"start":{"line":8,"column":0},"end":{"line":8,"column":557}},"8":{"start":{"line":9,"column":0},"end":{"line":9,"column":530}},"9":{"start":{"line":10,"column":0},"end":{"line":10,"column":528}},"10":{"start":{"line":11,"column":0},"end":{"line":11,"column":526}},"11":{"start":{"line":12,"column":0},"end":{"line":12,"column":503}},"12":{"start":{"line":13,"column":0},"end":{"line":13,"column":526}},"13":{"start":{"line":14,"column":0},"end":{"line":14,"column":535}},"14":{"start":{"line":15,"column":0},"end":{"line":15,"column":517}},"15":{"start":{"line":16,"column":0},"end":{"line":16,"column":489}},"16":{"start":{"line":17,"column":0},"end":{"line":17,"column":365}},"17":{"start":{"line":18,"column":0},"end":{"line":18,"column":280}},"18":{"start":{"line":19,"column":0},"end":{"line":19,"column":497}},"19":{"start":{"line":20,"column":0},"end":{"line":20,"column":458}},"20":{"start":{"line":21,"column":0},"end":{"line":21,"column":471}},"21":{"start":{"line":22,"column":0},"end":{"line":22,"column":505}},"22":{"start":{"line":23,"column":0},"end":{"line":23,"column":522}},"23":{"start":{"line":24,"column":0},"end":{"line":24,"column":530}},"24":{"start":{"line":25,"column":0},"end":{"line":25,"column":516}},"25":{"start":{"line":26,"column":0},"end":{"line":26,"column":509}},"26":{"start":{"line":27,"column":0},"end":{"line":27,"column":506}},"27":{"start":{"line":28,"column":0},"end":{"line":28,"column":504}},"28":{"start":{"line":29,"column":0},"end":{"line":29,"column":501}},"29":{"start":{"line":30,"column":0},"end":{"line":30,"column":503}},"30":{"start":{"line":31,"column":0},"end":{"line":31,"column":520}},"31":{"start":{"line":32,"column":0},"end":{"line":32,"column":502}},"32":{"start":{"line":33,"column":0},"end":{"line":33,"column":501}},"33":{"start":{"line":34,"column":0},"end":{"line":34,"column":513}},"34":{"start":{"line":35,"column":0},"end":{"line":35,"column":510}},"35":{"start":{"line":36,"column":0},"end":{"line":36,"column":506}},"36":{"start":{"line":37,"column":0},"end":{"line":37,"column":501}},"37":{"start":{"line":38,"column":0},"end":{"line":38,"column":516}},"38":{"start":{"line":39,"column":0},"end":{"line":39,"column":502}},"39":{"start":{"line":40,"column":0},"end":{"line":40,"column":546}},"40":{"start":{"line":41,"column":0},"end":{"line":41,"column":512}},"41":{"start":{"line":42,"column":0},"end":{"line":42,"column":551}},"42":{"start":{"line":43,"column":0},"end":{"line":43,"column":547}},"43":{"start":{"line":44,"column":0},"end":{"line":44,"column":535}},"44":{"start":{"line":45,"column":0},"end":{"line":45,"column":546}},"45":{"start":{"line":46,"column":0},"end":{"line":46,"column":502}},"46":{"start":{"line":47,"column":0},"end":{"line":47,"column":535}},"47":{"start":{"line":48,"column":0},"end":{"line":48,"column":502}},"48":{"start":{"line":49,"column":0},"end":{"line":49,"column":516}},"49":{"start":{"line":50,"column":0},"end":{"line":50,"column":508}},"50":{"start":{"line":51,"column":0},"end":{"line":51,"column":536}},"51":{"start":{"line":52,"column":0},"end":{"line":52,"column":508}},"52":{"start":{"line":53,"column":0},"end":{"line":53,"column":502}},"53":{"start":{"line":54,"column":0},"end":{"line":54,"column":506}},"54":{"start":{"line":55,"column":0},"end":{"line":55,"column":527}},"55":{"start":{"line":56,"column":0},"end":{"line":56,"column":541}},"56":{"start":{"line":57,"column":0},"end":{"line":57,"column":530}},"57":{"start":{"line":58,"column":0},"end":{"line":58,"column":540}},"58":{"start":{"line":59,"column":0},"end":{"line":59,"column":519}},"59":{"start":{"line":60,"column":0},"end":{"line":60,"column":547}},"60":{"start":{"line":61,"column":0},"end":{"line":61,"column":538}},"61":{"start":{"line":62,"column":0},"end":{"line":62,"column":508}},"62":{"start":{"line":63,"column":0},"end":{"line":63,"column":517}},"63":{"start":{"line":64,"column":0},"end":{"line":64,"column":517}},"64":{"start":{"line":65,"column":0},"end":{"line":65,"column":506}},"65":{"start":{"line":66,"column":0},"end":{"line":66,"column":505}},"66":{"start":{"line":67,"column":0},"end":{"line":67,"column":506}},"67":{"start":{"line":68,"column":0},"end":{"line":68,"column":550}},"68":{"start":{"line":69,"column":0},"end":{"line":69,"column":523}},"69":{"start":{"line":70,"column":0},"end":{"line":70,"column":529}},"70":{"start":{"line":71,"column":0},"end":{"line":71,"column":527}},"71":{"start":{"line":72,"column":0},"end":{"line":72,"column":569}},"72":{"start":{"line":73,"column":0},"end":{"line":73,"column":515}},"73":{"start":{"line":74,"column":0},"end":{"line":74,"column":555}},"74":{"start":{"line":75,"column":0},"end":{"line":75,"column":505}},"75":{"start":{"line":76,"column":0},"end":{"line":76,"column":531}},"76":{"start":{"line":77,"column":0},"end":{"line":77,"column":503}},"77":{"start":{"line":78,"column":0},"end":{"line":78,"column":538}},"78":{"start":{"line":79,"column":0},"end":{"line":79,"column":514}},"79":{"start":{"line":80,"column":0},"end":{"line":80,"column":509}},"80":{"start":{"line":81,"column":0},"end":{"line":81,"column":525}},"81":{"start":{"line":82,"column":0},"end":{"line":82,"column":509}},"82":{"start":{"line":83,"column":0},"end":{"line":83,"column":504}},"83":{"start":{"line":84,"column":0},"end":{"line":84,"column":501}},"84":{"start":{"line":85,"column":0},"end":{"line":85,"column":508}},"85":{"start":{"line":86,"column":0},"end":{"line":86,"column":509}},"86":{"start":{"line":87,"column":0},"end":{"line":87,"column":513}},"87":{"start":{"line":88,"column":0},"end":{"line":88,"column":510}},"88":{"start":{"line":89,"column":0},"end":{"line":89,"column":502}},"89":{"start":{"line":90,"column":0},"end":{"line":90,"column":506}},"90":{"start":{"line":91,"column":0},"end":{"line":91,"column":515}},"91":{"start":{"line":92,"column":0},"end":{"line":92,"column":512}},"92":{"start":{"line":93,"column":0},"end":{"line":93,"column":505}},"93":{"start":{"line":94,"column":0},"end":{"line":94,"column":505}},"94":{"start":{"line":95,"column":0},"end":{"line":95,"column":524}},"95":{"start":{"line":96,"column":0},"end":{"line":96,"column":504}},"96":{"start":{"line":97,"column":0},"end":{"line":97,"column":504}},"97":{"start":{"line":98,"column":0},"end":{"line":98,"column":521}},"98":{"start":{"line":99,"column":0},"end":{"line":99,"column":505}},"99":{"start":{"line":100,"column":0},"end":{"line":100,"column":502}},"100":{"start":{"line":101,"column":0},"end":{"line":101,"column":509}},"101":{"start":{"line":102,"column":0},"end":{"line":102,"column":501}},"102":{"start":{"line":103,"column":0},"end":{"line":103,"column":509}},"103":{"start":{"line":104,"column":0},"end":{"line":104,"column":501}},"104":{"start":{"line":105,"column":0},"end":{"line":105,"column":531}},"105":{"start":{"line":106,"column":0},"end":{"line":106,"column":503}},"106":{"start":{"line":107,"column":0},"end":{"line":107,"column":530}},"107":{"start":{"line":108,"column":0},"end":{"line":108,"column":503}},"108":{"start":{"line":109,"column":0},"end":{"line":109,"column":501}},"109":{"start":{"line":110,"column":0},"end":{"line":110,"column":509}},"110":{"start":{"line":111,"column":0},"end":{"line":111,"column":502}},"111":{"start":{"line":112,"column":0},"end":{"line":112,"column":501}},"112":{"start":{"line":113,"column":0},"end":{"line":113,"column":506}},"113":{"start":{"line":114,"column":0},"end":{"line":114,"column":505}},"114":{"start":{"line":115,"column":0},"end":{"line":115,"column":530}},"115":{"start":{"line":116,"column":0},"end":{"line":116,"column":431}}},"s":{"0":0,"1":0,"2":0,"3":0,"4":0,"5":0,"6":0,"7":0,"8":0,"9":0,"10":0,"11":0,"12":0,"13":0,"14":0,"15":0,"16":0,"17":0,"18":0,"19":0,"20":0,"21":0,"22":0,"23":0,"24":0,"25":0,"26":0,"27":0,"28":0,"29":0,"30":0,"31":0,"32":0,"33":0,"34":0,"35":0,"36":0,"37":0,"38":0,"39":0,"40":0,"41":0,"42":0,"43":0,"44":0,"45":0,"46":0,"47":0,"48":0,"49":0,"50":0,"51":0,"52":0,"53":0,"54":0,"55":0,"56":0,"57":0,"58":0,"59":0,"60":0,"61":0,"62":0,"63":0,"64":0,"65":0,"66":0,"67":0,"68":0,"69":0,"70":0,"71":0,"72":0,"73":0,"74":0,"75":0,"76":0,"77":0,"78":0,"79":0,"80":0,"81":0,"82":0,"83":0,"84":0,"85":0,"86":0,"87":0,"88":0,"89":0,"90":0,"91":0,"92":0,"93":0,"94":0,"95":0,"96":0,"97":0,"98":0,"99":0,"100":0,"101":0,"102":0,"103":0,"104":0,"105":0,"106":0,"107":0,"108":0,"109":0,"110":0,"111":0,"112":0,"113":0,"114":0,"115":0},"branchMap":{"0":{"type":"branch","line":1,"loc":{"start":{"line":1,"column":0},"end":{"line":116,"column":410}},"locations":[{"start":{"line":1,"column":0},"end":{"line":116,"column":410}}]}},"b":{"0":[0]},"fnMap":{"0":{"name":"(empty-report)","decl":{"start":{"line":1,"column":0},"end":{"line":116,"column":410}},"loc":{"start":{"line":1,"column":0},"end":{"line":116,"column":410}},"line":1}},"f":{"0":0}}
,"/Users/adriancardina/Desktop/satellitepredictiontracker/frontend/scripts/generate-iss-glb.mjs": {"path":"/Users/adriancardina/Desktop/satellitepredictiontracker/frontend/scripts/generate-iss-glb.mjs","all":true,"statementMap":{"0":{"start":{"line":1,"column":0},"end":{"line":1,"column":76}},"1":{"start":{"line":2,"column":0},"end":{"line":2,"column":69}},"2":{"start":{"line":3,"column":0},"end":{"line":3,"column":2}},"3":{"start":{"line":4,"column":0},"end":{"line":4,"column":26}},"4":{"start":{"line":5,"column":0},"end":{"line":5,"column":26}},"5":{"start":{"line":6,"column":0},"end":{"line":6,"column":75}},"6":{"start":{"line":7,"column":0},"end":{"line":7,"column":74}},"7":{"start":{"line":8,"column":0},"end":{"line":8,"column":74}},"8":{"start":{"line":9,"column":0},"end":{"line":9,"column":75}},"9":{"start":{"line":10,"column":0},"end":{"line":10,"column":73}},"10":{"start":{"line":11,"column":0},"end":{"line":11,"column":73}},"11":{"start":{"line":12,"column":0},"end":{"line":12,"column":2}},"12":{"start":{"line":13,"column":0},"end":{"line":13,"column":72}},"13":{"start":{"line":14,"column":0},"end":{"line":14,"column":69}},"14":{"start":{"line":15,"column":0},"end":{"line":15,"column":76}},"15":{"start":{"line":16,"column":0},"end":{"line":16,"column":72}},"16":{"start":{"line":17,"column":0},"end":{"line":17,"column":72}},"17":{"start":{"line":18,"column":0},"end":{"line":18,"column":78}},"18":{"start":{"line":19,"column":0},"end":{"line":19,"column":2}},"19":{"start":{"line":20,"column":0},"end":{"line":20,"column":77}},"20":{"start":{"line":21,"column":0},"end":{"line":21,"column":71}},"21":{"start":{"line":22,"column":0},"end":{"line":22,"column":75}},"22":{"start":{"line":23,"column":0},"end":{"line":23,"column":52}},"23":{"start":{"line":24,"column":0},"end":{"line":24,"column":2}},"24":{"start":{"line":25,"column":0},"end":{"line":25,"column":50}},"26":{"start":{"line":27,"column":0},"end":{"line":27,"column":51}},"27":{"start":{"line":28,"column":0},"end":{"line":28,"column":42}},"28":{"start":{"line":29,"column":0},"end":{"line":29,"column":41}},"30":{"start":{"line":31,"column":0},"end":{"line":31,"column":58}},"31":{"start":{"line":32,"column":0},"end":{"line":32,"column":70}},"33":{"start":{"line":34,"column":0},"end":{"line":34,"column":78}},"34":{"start":{"line":35,"column":0},"end":{"line":35,"column":19}},"35":{"start":{"line":36,"column":0},"end":{"line":36,"column":78}},"37":{"start":{"line":38,"column":0},"end":{"line":38,"column":3}},"38":{"start":{"line":39,"column":0},"end":{"line":39,"column":73}},"39":{"start":{"line":40,"column":0},"end":{"line":40,"column":84}},"40":{"start":{"line":41,"column":0},"end":{"line":41,"column":3}},"41":{"start":{"line":42,"column":0},"end":{"line":42,"column":32}},"42":{"start":{"line":43,"column":0},"end":{"line":43,"column":30}},"43":{"start":{"line":44,"column":0},"end":{"line":44,"column":46}},"45":{"start":{"line":46,"column":0},"end":{"line":46,"column":74}},"46":{"start":{"line":47,"column":0},"end":{"line":47,"column":56}},"47":{"start":{"line":48,"column":0},"end":{"line":48,"column":17}},"48":{"start":{"line":49,"column":0},"end":{"line":49,"column":9}},"49":{"start":{"line":50,"column":0},"end":{"line":50,"column":94}},"50":{"start":{"line":51,"column":0},"end":{"line":51,"column":9}},"51":{"start":{"line":52,"column":0},"end":{"line":52,"column":95}},"52":{"start":{"line":53,"column":0},"end":{"line":53,"column":9}},"53":{"start":{"line":54,"column":0},"end":{"line":54,"column":94}},"54":{"start":{"line":55,"column":0},"end":{"line":55,"column":9}},"55":{"start":{"line":56,"column":0},"end":{"line":56,"column":95}},"56":{"start":{"line":57,"column":0},"end":{"line":57,"column":9}},"57":{"start":{"line":58,"column":0},"end":{"line":58,"column":94}},"58":{"start":{"line":59,"column":0},"end":{"line":59,"column":9}},"59":{"start":{"line":60,"column":0},"end":{"line":60,"column":95}},"60":{"start":{"line":61,"column":0},"end":{"line":61,"column":4}},"62":{"start":{"line":63,"column":0},"end":{"line":63,"column":23}},"63":{"start":{"line":64,"column":0},"end":{"line":64,"column":21}},"64":{"start":{"line":65,"column":0},"end":{"line":65,"column":21}},"66":{"start":{"line":67,"column":0},"end":{"line":67,"column":36}},"67":{"start":{"line":68,"column":0},"end":{"line":68,"column":29}},"68":{"start":{"line":69,"column":0},"end":{"line":69,"column":40}},"69":{"start":{"line":70,"column":0},"end":{"line":70,"column":48}},"70":{"start":{"line":71,"column":0},"end":{"line":71,"column":52}},"71":{"start":{"line":72,"column":0},"end":{"line":72,"column":5}},"72":{"start":{"line":73,"column":0},"end":{"line":73,"column":69}},"73":{"start":{"line":74,"column":0},"end":{"line":74,"column":5}},"75":{"start":{"line":76,"column":0},"end":{"line":76,"column":10}},"76":{"start":{"line":77,"column":0},"end":{"line":77,"column":43}},"77":{"start":{"line":78,"column":0},"end":{"line":78,"column":39}},"78":{"start":{"line":79,"column":0},"end":{"line":79,"column":38}},"79":{"start":{"line":80,"column":0},"end":{"line":80,"column":4}},"80":{"start":{"line":81,"column":0},"end":{"line":81,"column":1}},"82":{"start":{"line":83,"column":0},"end":{"line":83,"column":3}},"83":{"start":{"line":84,"column":0},"end":{"line":84,"column":72}},"84":{"start":{"line":85,"column":0},"end":{"line":85,"column":48}},"85":{"start":{"line":86,"column":0},"end":{"line":86,"column":3}},"86":{"start":{"line":87,"column":0},"end":{"line":87,"column":29}},"87":{"start":{"line":88,"column":0},"end":{"line":88,"column":23}},"88":{"start":{"line":89,"column":0},"end":{"line":89,"column":21}},"89":{"start":{"line":90,"column":0},"end":{"line":90,"column":21}},"90":{"start":{"line":91,"column":0},"end":{"line":91,"column":23}},"91":{"start":{"line":92,"column":0},"end":{"line":92,"column":29}},"92":{"start":{"line":93,"column":0},"end":{"line":93,"column":38}},"93":{"start":{"line":94,"column":0},"end":{"line":94,"column":34}},"94":{"start":{"line":95,"column":0},"end":{"line":95,"column":69}},"95":{"start":{"line":96,"column":0},"end":{"line":96,"column":46}},"96":{"start":{"line":97,"column":0},"end":{"line":97,"column":3}},"97":{"start":{"line":98,"column":0},"end":{"line":98,"column":10}},"98":{"start":{"line":99,"column":0},"end":{"line":99,"column":43}},"99":{"start":{"line":100,"column":0},"end":{"line":100,"column":39}},"100":{"start":{"line":101,"column":0},"end":{"line":101,"column":38}},"101":{"start":{"line":102,"column":0},"end":{"line":102,"column":4}},"102":{"start":{"line":103,"column":0},"end":{"line":103,"column":1}},"104":{"start":{"line":105,"column":0},"end":{"line":105,"column":28}},"105":{"start":{"line":106,"column":0},"end":{"line":106,"column":56}},"106":{"start":{"line":107,"column":0},"end":{"line":107,"column":59}},"107":{"start":{"line":108,"column":0},"end":{"line":108,"column":49}},"108":{"start":{"line":109,"column":0},"end":{"line":109,"column":71}},"109":{"start":{"line":110,"column":0},"end":{"line":110,"column":51}},"110":{"start":{"line":111,"column":0},"end":{"line":111,"column":51}},"111":{"start":{"line":112,"column":0},"end":{"line":112,"column":51}},"112":{"start":{"line":113,"column":0},"end":{"line":113,"column":3}},"113":{"start":{"line":114,"column":0},"end":{"line":114,"column":62}},"114":{"start":{"line":115,"column":0},"end":{"line":115,"column":1}},"116":{"start":{"line":117,"column":0},"end":{"line":117,"column":78}},"117":{"start":{"line":118,"column":0},"end":{"line":118,"column":47}},"118":{"start":{"line":119,"column":0},"end":{"line":119,"column":78}},"120":{"start":{"line":121,"column":0},"end":{"line":121,"column":60}},"121":{"start":{"line":122,"column":0},"end":{"line":122,"column":49}},"123":{"start":{"line":124,"column":0},"end":{"line":124,"column":51}},"124":{"start":{"line":125,"column":0},"end":{"line":125,"column":58}},"125":{"start":{"line":126,"column":0},"end":{"line":126,"column":59}},"127":{"start":{"line":128,"column":0},"end":{"line":128,"column":77}},"128":{"start":{"line":129,"column":0},"end":{"line":129,"column":79}},"129":{"start":{"line":130,"column":0},"end":{"line":130,"column":52}},"131":{"start":{"line":132,"column":0},"end":{"line":132,"column":62}},"132":{"start":{"line":133,"column":0},"end":{"line":133,"column":42}},"134":{"start":{"line":135,"column":0},"end":{"line":135,"column":78}},"135":{"start":{"line":136,"column":0},"end":{"line":136,"column":78}},"136":{"start":{"line":137,"column":0},"end":{"line":137,"column":78}},"138":{"start":{"line":139,"column":0},"end":{"line":139,"column":20}},"139":{"start":{"line":140,"column":0},"end":{"line":140,"column":22}},"140":{"start":{"line":141,"column":0},"end":{"line":141,"column":1}},"142":{"start":{"line":143,"column":0},"end":{"line":143,"column":49}},"143":{"start":{"line":144,"column":0},"end":{"line":144,"column":45}},"144":{"start":{"line":145,"column":0},"end":{"line":145,"column":45}},"146":{"start":{"line":147,"column":0},"end":{"line":147,"column":26}},"147":{"start":{"line":148,"column":0},"end":{"line":148,"column":63}},"148":{"start":{"line":149,"column":0},"end":{"line":149,"column":59}},"149":{"start":{"line":150,"column":0},"end":{"line":150,"column":55}},"151":{"start":{"line":152,"column":0},"end":{"line":152,"column":38}},"152":{"start":{"line":153,"column":0},"end":{"line":153,"column":64}},"153":{"start":{"line":154,"column":0},"end":{"line":154,"column":60}},"154":{"start":{"line":155,"column":0},"end":{"line":155,"column":60}},"156":{"start":{"line":157,"column":0},"end":{"line":157,"column":78}},"157":{"start":{"line":158,"column":0},"end":{"line":158,"column":18}},"158":{"start":{"line":159,"column":0},"end":{"line":159,"column":78}},"160":{"start":{"line":161,"column":0},"end":{"line":161,"column":14}},"161":{"start":{"line":162,"column":0},"end":{"line":162,"column":85}},"162":{"start":{"line":163,"column":0},"end":{"line":163,"column":11}},"163":{"start":{"line":164,"column":0},"end":{"line":164,"column":27}},"164":{"start":{"line":165,"column":0},"end":{"line":165,"column":36}},"165":{"start":{"line":166,"column":0},"end":{"line":166,"column":11}},"166":{"start":{"line":167,"column":0},"end":{"line":167,"column":5}},"167":{"start":{"line":168,"column":0},"end":{"line":168,"column":18}},"168":{"start":{"line":169,"column":0},"end":{"line":169,"column":19}},"169":{"start":{"line":170,"column":0},"end":{"line":170,"column":9}},"170":{"start":{"line":171,"column":0},"end":{"line":171,"column":49}},"171":{"start":{"line":172,"column":0},"end":{"line":172,"column":21}},"172":{"start":{"line":173,"column":0},"end":{"line":173,"column":22}},"173":{"start":{"line":174,"column":0},"end":{"line":174,"column":31}},"174":{"start":{"line":175,"column":0},"end":{"line":175,"column":10}},"175":{"start":{"line":176,"column":0},"end":{"line":176,"column":8}},"176":{"start":{"line":177,"column":0},"end":{"line":177,"column":6}},"177":{"start":{"line":178,"column":0},"end":{"line":178,"column":4}},"178":{"start":{"line":179,"column":0},"end":{"line":179,"column":14}},"179":{"start":{"line":180,"column":0},"end":{"line":180,"column":5}},"180":{"start":{"line":181,"column":0},"end":{"line":181,"column":24}},"181":{"start":{"line":182,"column":0},"end":{"line":182,"column":29}},"182":{"start":{"line":183,"column":0},"end":{"line":183,"column":49}},"183":{"start":{"line":184,"column":0},"end":{"line":184,"column":28}},"184":{"start":{"line":185,"column":0},"end":{"line":185,"column":30}},"185":{"start":{"line":186,"column":0},"end":{"line":186,"column":8}},"186":{"start":{"line":187,"column":0},"end":{"line":187,"column":24}},"187":{"start":{"line":188,"column":0},"end":{"line":188,"column":6}},"188":{"start":{"line":189,"column":0},"end":{"line":189,"column":4}},"189":{"start":{"line":190,"column":0},"end":{"line":190,"column":39}},"190":{"start":{"line":191,"column":0},"end":{"line":191,"column":16}},"191":{"start":{"line":192,"column":0},"end":{"line":192,"column":106}},"192":{"start":{"line":193,"column":0},"end":{"line":193,"column":86}},"193":{"start":{"line":194,"column":0},"end":{"line":194,"column":110}},"194":{"start":{"line":195,"column":0},"end":{"line":195,"column":4}},"195":{"start":{"line":196,"column":0},"end":{"line":196,"column":14}},"196":{"start":{"line":197,"column":0},"end":{"line":197,"column":5}},"197":{"start":{"line":198,"column":0},"end":{"line":198,"column":20}},"198":{"start":{"line":199,"column":0},"end":{"line":199,"column":35}},"199":{"start":{"line":200,"column":0},"end":{"line":200,"column":39}},"200":{"start":{"line":201,"column":0},"end":{"line":201,"column":19}},"201":{"start":{"line":202,"column":0},"end":{"line":202,"column":26}},"202":{"start":{"line":203,"column":0},"end":{"line":203,"column":26}},"203":{"start":{"line":204,"column":0},"end":{"line":204,"column":6}},"204":{"start":{"line":205,"column":0},"end":{"line":205,"column":5}},"205":{"start":{"line":206,"column":0},"end":{"line":206,"column":20}},"206":{"start":{"line":207,"column":0},"end":{"line":207,"column":26}},"207":{"start":{"line":208,"column":0},"end":{"line":208,"column":37}},"208":{"start":{"line":209,"column":0},"end":{"line":209,"column":19}},"209":{"start":{"line":210,"column":0},"end":{"line":210,"column":6}},"210":{"start":{"line":211,"column":0},"end":{"line":211,"column":5}},"211":{"start":{"line":212,"column":0},"end":{"line":212,"column":20}},"212":{"start":{"line":213,"column":0},"end":{"line":213,"column":44}},"213":{"start":{"line":214,"column":0},"end":{"line":214,"column":33}},"214":{"start":{"line":215,"column":0},"end":{"line":215,"column":21}},"215":{"start":{"line":216,"column":0},"end":{"line":216,"column":6}},"216":{"start":{"line":217,"column":0},"end":{"line":217,"column":4}},"217":{"start":{"line":218,"column":0},"end":{"line":218,"column":2}},"219":{"start":{"line":220,"column":0},"end":{"line":220,"column":78}},"220":{"start":{"line":221,"column":0},"end":{"line":221,"column":15}},"221":{"start":{"line":222,"column":0},"end":{"line":222,"column":78}},"222":{"start":{"line":223,"column":0},"end":{"line":223,"column":14}},"223":{"start":{"line":224,"column":0},"end":{"line":224,"column":82}},"224":{"start":{"line":225,"column":0},"end":{"line":225,"column":90}},"225":{"start":{"line":226,"column":0},"end":{"line":226,"column":91}},"227":{"start":{"line":228,"column":0},"end":{"line":228,"column":38}},"228":{"start":{"line":229,"column":0},"end":{"line":229,"column":56}},"229":{"start":{"line":230,"column":0},"end":{"line":230,"column":47}},"230":{"start":{"line":231,"column":0},"end":{"line":231,"column":45}},"231":{"start":{"line":232,"column":0},"end":{"line":232,"column":31}},"232":{"start":{"line":233,"column":0},"end":{"line":233,"column":52}},"233":{"start":{"line":234,"column":0},"end":{"line":234,"column":78}},"235":{"start":{"line":236,"column":0},"end":{"line":236,"column":63}},"237":{"start":{"line":238,"column":0},"end":{"line":238,"column":40}},"238":{"start":{"line":239,"column":0},"end":{"line":239,"column":36}},"240":{"start":{"line":241,"column":0},"end":{"line":241,"column":9}},"241":{"start":{"line":242,"column":0},"end":{"line":242,"column":44}},"242":{"start":{"line":243,"column":0},"end":{"line":243,"column":38}},"243":{"start":{"line":244,"column":0},"end":{"line":244,"column":35}},"245":{"start":{"line":246,"column":0},"end":{"line":246,"column":13}},"246":{"start":{"line":247,"column":0},"end":{"line":247,"column":16}},"247":{"start":{"line":248,"column":0},"end":{"line":248,"column":58}},"248":{"start":{"line":249,"column":0},"end":{"line":249,"column":62}},"249":{"start":{"line":250,"column":0},"end":{"line":250,"column":55}},"251":{"start":{"line":252,"column":0},"end":{"line":252,"column":12}},"252":{"start":{"line":253,"column":0},"end":{"line":253,"column":52}},"253":{"start":{"line":254,"column":0},"end":{"line":254,"column":63}},"254":{"start":{"line":255,"column":0},"end":{"line":255,"column":43}},"256":{"start":{"line":257,"column":0},"end":{"line":257,"column":8}},"257":{"start":{"line":258,"column":0},"end":{"line":258,"column":50}},"258":{"start":{"line":259,"column":0},"end":{"line":259,"column":29}},"260":{"start":{"line":261,"column":0},"end":{"line":261,"column":12}},"261":{"start":{"line":262,"column":0},"end":{"line":262,"column":84}},"262":{"start":{"line":263,"column":0},"end":{"line":263,"column":27}},"263":{"start":{"line":264,"column":0},"end":{"line":264,"column":15}},"264":{"start":{"line":265,"column":0},"end":{"line":265,"column":2}}},"s":{"0":0,"1":0,"2":0,"3":0,"4":0,"5":0,"6":0,"7":0,"8":0,"9":0,"10":0,"11":0,"12":0,"13":0,"14":0,"15":0,"16":0,"17":0,"18":0,"19":0,"20":0,"21":0,"22":0,"23":0,"24":0,"26":0,"27":0,"28":0,"30":0,"31":0,"33":0,"34":0,"35":0,"37":0,"38":0,"39":0,"40":0,"41":0,"42":0,"43":0,"45":0,"46":0,"47":0,"48":0,"49":0,"50":0,"51":0,"52":0,"53":0,"54":0,"55":0,"56":0,"57":0,"58":0,"59":0,"60":0,"62":0,"63":0,"64":0,"66":0,"67":0,"68":0,"69":0,"70":0,"71":0,"72":0,"73":0,"75":0,"76":0,"77":0,"78":0,"79":0,"80":0,"82":0,"83":0,"84":0,"85":0,"86":0,"87":0,"88":0,"89":0,"90":0,"91":0,"92":0,"93":0,"94":0,"95":0,"96":0,"97":0,"98":0,"99":0,"100":0,"101":0,"102":0,"104":0,"105":0,"106":0,"107":0,"108":0,"109":0,"110":0,"111":0,"112":0,"113":0,"114":0,"116":0,"117":0,"118":0,"120":0,"121":0,"123":0,"124":0,"125":0,"127":0,"128":0,"129":0,"131":0,"132":0,"134":0,"135":0,"136":0,"138":0,"139":0,"140":0,"142":0,"143":0,"144":0,"146":0,"147":0,"148":0,"149":0,"151":0,"152":0,"153":0,"154":0,"156":0,"157":0,"158":0,"160":0,"161":0,"162":0,"163":0,"164":0,"165":0,"166":0,"167":0,"168":0,"169":0,"170":0,"171":0,"172":0,"173":0,"174":0,"175":0,"176":0,"177":0,"178":0,"179":0,"180":0,"181":0,"182":0,"183":0,"184":0,"185":0,"186":0,"187":0,"188":0,"189":0,"190":0,"191":0,"192":0,"193":0,"194":0,"195":0,"196":0,"197":0,"198":0,"199":0,"200":0,"201":0,"202":0,"203":0,"204":0,"205":0,"206":0,"207":0,"208":0,"209":0,"210":0,"211":0,"212":0,"213":0,"214":0,"215":0,"216":0,"217":0,"219":0,"220":0,"221":0,"222":0,"223":0,"224":0,"225":0,"227":0,"228":0,"229":0,"230":0,"231":0,"232":0,"233":0,"235":0,"237":0,"238":0,"240":0,"241":0,"242":0,"243":0,"245":0,"246":0,"247":0,"248":0,"249":0,"251":0,"252":0,"253":0,"254":0,"256":0,"257":0,"258":0,"260":0,"261":0,"262":0,"263":0,"264":0},"branchMap":{"0":{"type":"branch","line":1,"loc":{"start":{"line":1,"column":1439},"end":{"line":265,"column":-288}},"locations":[{"start":{"line":1,"column":1439},"end":{"line":265,"column":-288}}]}},"b":{"0":[0]},"fnMap":{"0":{"name":"(empty-report)","decl":{"start":{"line":1,"column":1439},"end":{"line":265,"column":-288}},"loc":{"start":{"line":1,"column":1439},"end":{"line":265,"column":-288}},"line":1}},"f":{"0":0}}
,"/Users/adriancardina/Desktop/satellitepredictiontracker/frontend/src/App.tsx": {"path":"/Users/adriancardina/Desktop/satellitepredictiontracker/frontend/src/App.tsx","all":true,"statementMap":{"0":{"start":{"line":1,"column":0},"end":{"line":1,"column":47}},"1":{"start":{"line":2,"column":0},"end":{"line":2,"column":81}},"2":{"start":{"line":3,"column":0},"end":{"line":3,"column":49}},"3":{"start":{"line":4,"column":0},"end":{"line":4,"column":40}},"4":{"start":{"line":5,"column":0},"end":{"line":5,"column":46}},"5":{"start":{"line":6,"column":0},"end":{"line":6,"column":42}},"6":{"start":{"line":7,"column":0},"end":{"line":7,"column":56}},"8":{"start":{"line":9,"column":0},"end":{"line":9,"column":39}},"9":{"start":{"line":10,"column":0},"end":{"line":10,"column":40}},"10":{"start":{"line":11,"column":0},"end":{"line":11,"column":66}},"11":{"start":{"line":12,"column":0},"end":{"line":12,"column":1}},"13":{"start":{"line":14,"column":0},"end":{"line":14,"column":33}},"14":{"start":{"line":15,"column":0},"end":{"line":15,"column":37}},"15":{"start":{"line":16,"column":0},"end":{"line":16,"column":33}},"17":{"start":{"line":18,"column":0},"end":{"line":18,"column":33}},"18":{"start":{"line":19,"column":0},"end":{"line":19,"column":19}},"19":{"start":{"line":20,"column":0},"end":{"line":20,"column":37}},"20":{"start":{"line":21,"column":0},"end":{"line":21,"column":3}},"22":{"start":{"line":23,"column":0},"end":{"line":23,"column":10}},"23":{"start":{"line":24,"column":0},"end":{"line":24,"column":31}},"24":{"start":{"line":25,"column":0},"end":{"line":25,"column":46}},"25":{"start":{"line":26,"column":0},"end":{"line":26,"column":92}},"26":{"start":{"line":27,"column":0},"end":{"line":27,"column":39}},"27":{"start":{"line":28,"column":0},"end":{"line":28,"column":54}},"28":{"start":{"line":29,"column":0},"end":{"line":29,"column":17}},"29":{"start":{"line":30,"column":0},"end":{"line":30,"column":18}},"31":{"start":{"line":32,"column":0},"end":{"line":32,"column":64}},"32":{"start":{"line":33,"column":0},"end":{"line":33,"column":35}},"33":{"start":{"line":34,"column":0},"end":{"line":34,"column":34}},"34":{"start":{"line":35,"column":0},"end":{"line":35,"column":20}},"35":{"start":{"line":36,"column":0},"end":{"line":36,"column":32}},"36":{"start":{"line":37,"column":0},"end":{"line":37,"column":31}},"37":{"start":{"line":38,"column":0},"end":{"line":38,"column":20}},"38":{"start":{"line":39,"column":0},"end":{"line":39,"column":14}},"40":{"start":{"line":41,"column":0},"end":{"line":41,"column":39}},"41":{"start":{"line":42,"column":0},"end":{"line":42,"column":72}},"42":{"start":{"line":43,"column":0},"end":{"line":43,"column":49}},"43":{"start":{"line":44,"column":0},"end":{"line":44,"column":20}},"44":{"start":{"line":45,"column":0},"end":{"line":45,"column":17}},"45":{"start":{"line":46,"column":0},"end":{"line":46,"column":25}},"46":{"start":{"line":47,"column":0},"end":{"line":47,"column":38}},"47":{"start":{"line":48,"column":0},"end":{"line":48,"column":34}},"48":{"start":{"line":49,"column":0},"end":{"line":49,"column":49}},"50":{"start":{"line":51,"column":0},"end":{"line":51,"column":63}},"51":{"start":{"line":52,"column":0},"end":{"line":52,"column":51}},"52":{"start":{"line":53,"column":0},"end":{"line":53,"column":19}},"53":{"start":{"line":54,"column":0},"end":{"line":54,"column":14}},"54":{"start":{"line":55,"column":0},"end":{"line":55,"column":15}},"55":{"start":{"line":56,"column":0},"end":{"line":56,"column":50}},"56":{"start":{"line":57,"column":0},"end":{"line":57,"column":10}},"58":{"start":{"line":59,"column":0},"end":{"line":59,"column":1}},"60":{"start":{"line":61,"column":0},"end":{"line":61,"column":31}},"61":{"start":{"line":62,"column":0},"end":{"line":62,"column":10}},"62":{"start":{"line":63,"column":0},"end":{"line":63,"column":12}},"63":{"start":{"line":64,"column":0},"end":{"line":64,"column":46}},"64":{"start":{"line":65,"column":0},"end":{"line":65,"column":12}},"65":{"start":{"line":66,"column":0},"end":{"line":66,"column":25}},"66":{"start":{"line":67,"column":0},"end":{"line":67,"column":17}},"67":{"start":{"line":68,"column":0},"end":{"line":68,"column":26}},"68":{"start":{"line":69,"column":0},"end":{"line":69,"column":22}},"69":{"start":{"line":70,"column":0},"end":{"line":70,"column":27}},"70":{"start":{"line":71,"column":0},"end":{"line":71,"column":23}},"71":{"start":{"line":72,"column":0},"end":{"line":72,"column":27}},"73":{"start":{"line":74,"column":0},"end":{"line":74,"column":8}},"74":{"start":{"line":75,"column":0},"end":{"line":75,"column":12}},"75":{"start":{"line":76,"column":0},"end":{"line":76,"column":37}},"76":{"start":{"line":77,"column":0},"end":{"line":77,"column":17}},"77":{"start":{"line":78,"column":0},"end":{"line":78,"column":26}},"78":{"start":{"line":79,"column":0},"end":{"line":79,"column":22}},"79":{"start":{"line":80,"column":0},"end":{"line":80,"column":32}},"80":{"start":{"line":81,"column":0},"end":{"line":81,"column":23}},"81":{"start":{"line":82,"column":0},"end":{"line":82,"column":27}},"83":{"start":{"line":84,"column":0},"end":{"line":84,"column":8}},"84":{"start":{"line":85,"column":0},"end":{"line":85,"column":12}},"85":{"start":{"line":86,"column":0},"end":{"line":86,"column":22}},"86":{"start":{"line":87,"column":0},"end":{"line":87,"column":17}},"87":{"start":{"line":88,"column":0},"end":{"line":88,"column":26}},"88":{"start":{"line":89,"column":0},"end":{"line":89,"column":22}},"89":{"start":{"line":90,"column":0},"end":{"line":90,"column":24}},"90":{"start":{"line":91,"column":0},"end":{"line":91,"column":23}},"91":{"start":{"line":92,"column":0},"end":{"line":92,"column":27}},"93":{"start":{"line":94,"column":0},"end":{"line":94,"column":8}},"94":{"start":{"line":95,"column":0},"end":{"line":95,"column":71}},"95":{"start":{"line":96,"column":0},"end":{"line":96,"column":13}},"97":{"start":{"line":98,"column":0},"end":{"line":98,"column":1}}},"s":{"0":0,"1":0,"2":0,"3":0,"4":0,"5":0,"6":0,"8":0,"9":0,"10":0,"11":0,"13":0,"14":0,"15":0,"17":0,"18":0,"19":0,"20":0,"22":0,"23":0,"24":0,"25":0,"26":0,"27":0,"28":0,"29":0,"31":0,"32":0,"33":0,"34":0,"35":0,"36":0,"37":0,"38":0,"40":0,"41":0,"42":0,"43":0,"44":0,"45":0,"46":0,"47":0,"48":0,"50":0,"51":0,"52":0,"53":0,"54":0,"55":0,"56":0,"58":0,"60":0,"61":0,"62":0,"63":0,"64":0,"65":0,"66":0,"67":0,"68":0,"69":0,"70":0,"71":0,"73":0,"74":0,"75":0,"76":0,"77":0,"78":0,"79":0,"80":0,"81":0,"83":0,"84":0,"85":0,"86":0,"87":0,"88":0,"89":0,"90":0,"91":0,"93":0,"94":0,"95":0,"97":0},"branchMap":{"0":{"type":"branch","line":1,"loc":{"start":{"line":1,"column":2724},"end":{"line":98,"column":1}},"locations":[{"start":{"line":1,"column":2724},"end":{"line":98,"column":1}}]}},"b":{"0":[0]},"fnMap":{"0":{"name":"(empty-report)","decl":{"start":{"line":1,"column":2724},"end":{"line":98,"column":1}},"loc":{"start":{"line":1,"column":2724},"end":{"line":98,"column":1}},"line":1}},"f":{"0":0}}
,"/Users/adriancardina/Desktop/satellitepredictiontracker/frontend/src/main.tsx": {"path":"/Users/adriancardina/Desktop/satellitepredictiontracker/frontend/src/main.tsx","all":true,"statementMap":{"0":{"start":{"line":1,"column":0},"end":{"line":1,"column":26}},"1":{"start":{"line":2,"column":0},"end":{"line":2,"column":40}},"2":{"start":{"line":3,"column":0},"end":{"line":3,"column":49}},"3":{"start":{"line":4,"column":0},"end":{"line":4,"column":49}},"4":{"start":{"line":5,"column":0},"end":{"line":5,"column":22}},"5":{"start":{"line":6,"column":0},"end":{"line":6,"column":28}},"6":{"start":{"line":7,"column":0},"end":{"line":7,"column":54}},"8":{"start":{"line":9,"column":0},"end":{"line":9,"column":60}},"9":{"start":{"line":10,"column":0},"end":{"line":10,"column":20}},"10":{"start":{"line":11,"column":0},"end":{"line":11,"column":19}},"11":{"start":{"line":12,"column":0},"end":{"line":12,"column":20}},"12":{"start":{"line":13,"column":0},"end":{"line":13,"column":15}},"13":{"start":{"line":14,"column":0},"end":{"line":14,"column":21}},"14":{"start":{"line":15,"column":0},"end":{"line":15,"column":20}},"15":{"start":{"line":16,"column":0},"end":{"line":16,"column":22}},"16":{"start":{"line":17,"column":0},"end":{"line":17,"column":2}}},"s":{"0":0,"1":0,"2":0,"3":0,"4":0,"5":0,"6":0,"8":0,"9":0,"10":0,"11":0,"12":0,"13":0,"14":0,"15":0,"16":0},"branchMap":{"0":{"type":"branch","line":1,"loc":{"start":{"line":1,"column":407},"end":{"line":17,"column":-314}},"locations":[{"start":{"line":1,"column":407},"end":{"line":17,"column":-314}}]}},"b":{"0":[0]},"fnMap":{"0":{"name":"(empty-report)","decl":{"start":{"line":1,"column":407},"end":{"line":17,"column":-314}},"loc":{"start":{"line":1,"column":407},"end":{"line":17,"column":-314}},"line":1}},"f":{"0":0}}
,"/Users/adriancardina/Desktop/satellitepredictiontracker/frontend/src/api/client.js": {"path":"/Users/adriancardina/Desktop/satellitepredictiontracker/frontend/src/api/client.js","all":false,"statementMap":{"0":{"start":{"line":1,"column":0},"end":{"line":1,"column":26}},"2":{"start":{"line":3,"column":0},"end":{"line":3,"column":27}},"3":{"start":{"line":4,"column":0},"end":{"line":4,"column":70}},"5":{"start":{"line":6,"column":0},"end":{"line":6,"column":50}},"7":{"start":{"line":8,"column":0},"end":{"line":8,"column":33}},"8":{"start":{"line":9,"column":0},"end":{"line":9,"column":24}},"9":{"start":{"line":10,"column":0},"end":{"line":10,"column":12}},"10":{"start":{"line":11,"column":0},"end":{"line":11,"column":39}},"11":{"start":{"line":12,"column":0},"end":{"line":12,"column":4}},"12":{"start":{"line":13,"column":0},"end":{"line":13,"column":3}},"14":{"start":{"line":15,"column":0},"end":{"line":15,"column":33}},"15":{"start":{"line":16,"column":0},"end":{"line":16,"column":7}},"16":{"start":{"line":17,"column":0},"end":{"line":17,"column":55}},"17":{"start":{"line":18,"column":0},"end":{"line":18,"column":40}},"18":{"start":{"line":19,"column":0},"end":{"line":19,"column":11}},"19":{"start":{"line":20,"column":0},"end":{"line":20,"column":16}},"20":{"start":{"line":21,"column":0},"end":{"line":21,"column":3}},"21":{"start":{"line":22,"column":0},"end":{"line":22,"column":1}},"23":{"start":{"line":24,"column":0},"end":{"line":24,"column":44}},"24":{"start":{"line":25,"column":0},"end":{"line":25,"column":25}},"25":{"start":{"line":26,"column":0},"end":{"line":26,"column":16}},"26":{"start":{"line":27,"column":0},"end":{"line":27,"column":34}},"27":{"start":{"line":28,"column":0},"end":{"line":28,"column":31}},"28":{"start":{"line":29,"column":0},"end":{"line":29,"column":44}},"29":{"start":{"line":30,"column":0},"end":{"line":30,"column":46}},"30":{"start":{"line":31,"column":0},"end":{"line":31,"column":52}},"31":{"start":{"line":32,"column":0},"end":{"line":32,"column":53}},"32":{"start":{"line":33,"column":0},"end":{"line":33,"column":4}},"34":{"start":{"line":35,"column":0},"end":{"line":35,"column":63}},"35":{"start":{"line":36,"column":0},"end":{"line":36,"column":60}},"36":{"start":{"line":37,"column":0},"end":{"line":37,"column":14}},"37":{"start":{"line":38,"column":0},"end":{"line":38,"column":1}},"39":{"start":{"line":40,"column":0},"end":{"line":40,"column":35}},"40":{"start":{"line":41,"column":0},"end":{"line":41,"column":44}},"41":{"start":{"line":42,"column":0},"end":{"line":42,"column":60}},"42":{"start":{"line":43,"column":0},"end":{"line":43,"column":1}},"44":{"start":{"line":45,"column":0},"end":{"line":45,"column":30}},"45":{"start":{"line":46,"column":0},"end":{"line":46,"column":41}},"46":{"start":{"line":47,"column":0},"end":{"line":47,"column":32}},"47":{"start":{"line":48,"column":0},"end":{"line":48,"column":3}},"48":{"start":{"line":49,"column":0},"end":{"line":49,"column":1}},"50":{"start":{"line":51,"column":0},"end":{"line":51,"column":42}},"51":{"start":{"line":52,"column":0},"end":{"line":52,"column":31}},"52":{"start":{"line":53,"column":0},"end":{"line":53,"column":26}},"53":{"start":{"line":54,"column":0},"end":{"line":54,"column":64}},"54":{"start":{"line":55,"column":0},"end":{"line":55,"column":3}},"55":{"start":{"line":56,"column":0},"end":{"line":56,"column":16}},"56":{"start":{"line":57,"column":0},"end":{"line":57,"column":3}},"58":{"start":{"line":59,"column":0},"end":{"line":59,"column":30}},"59":{"start":{"line":60,"column":0},"end":{"line":60,"column":25}},"60":{"start":{"line":61,"column":0},"end":{"line":61,"column":20}},"61":{"start":{"line":62,"column":0},"end":{"line":62,"column":41}},"62":{"start":{"line":63,"column":0},"end":{"line":63,"column":33}},"63":{"start":{"line":64,"column":0},"end":{"line":64,"column":50}},"64":{"start":{"line":65,"column":0},"end":{"line":65,"column":26}},"65":{"start":{"line":66,"column":0},"end":{"line":66,"column":43}},"66":{"start":{"line":67,"column":0},"end":{"line":67,"column":46}},"67":{"start":{"line":68,"column":0},"end":{"line":68,"column":43}},"69":{"start":{"line":70,"column":0},"end":{"line":70,"column":8}},"70":{"start":{"line":71,"column":0},"end":{"line":71,"column":39}},"71":{"start":{"line":72,"column":0},"end":{"line":72,"column":32}},"72":{"start":{"line":73,"column":0},"end":{"line":73,"column":23}},"73":{"start":{"line":74,"column":0},"end":{"line":74,"column":25}},"74":{"start":{"line":75,"column":0},"end":{"line":75,"column":7}},"75":{"start":{"line":76,"column":0},"end":{"line":76,"column":35}},"76":{"start":{"line":77,"column":0},"end":{"line":77,"column":5}},"78":{"start":{"line":79,"column":0},"end":{"line":79,"column":34}},"80":{"start":{"line":81,"column":0},"end":{"line":81,"column":9}},"81":{"start":{"line":82,"column":0},"end":{"line":82,"column":73}},"82":{"start":{"line":83,"column":0},"end":{"line":83,"column":41}},"83":{"start":{"line":84,"column":0},"end":{"line":84,"column":9}},"84":{"start":{"line":85,"column":0},"end":{"line":85,"column":50}},"85":{"start":{"line":86,"column":0},"end":{"line":86,"column":79}},"86":{"start":{"line":87,"column":0},"end":{"line":87,"column":34}},"87":{"start":{"line":88,"column":0},"end":{"line":88,"column":28}},"88":{"start":{"line":89,"column":0},"end":{"line":89,"column":24}},"89":{"start":{"line":90,"column":0},"end":{"line":90,"column":26}},"90":{"start":{"line":91,"column":0},"end":{"line":91,"column":42}},"91":{"start":{"line":92,"column":0},"end":{"line":92,"column":5}},"92":{"start":{"line":93,"column":0},"end":{"line":93,"column":4}},"93":{"start":{"line":94,"column":0},"end":{"line":94,"column":2}},"95":{"start":{"line":96,"column":0},"end":{"line":96,"column":76}},"96":{"start":{"line":97,"column":0},"end":{"line":97,"column":79}},"97":{"start":{"line":98,"column":0},"end":{"line":98,"column":30}},"98":{"start":{"line":99,"column":0},"end":{"line":99,"column":17}},"99":{"start":{"line":100,"column":0},"end":{"line":100,"column":70}},"100":{"start":{"line":101,"column":0},"end":{"line":101,"column":17}},"101":{"start":{"line":102,"column":0},"end":{"line":102,"column":3}},"102":{"start":{"line":103,"column":0},"end":{"line":103,"column":46}},"103":{"start":{"line":104,"column":0},"end":{"line":104,"column":1}},"105":{"start":{"line":106,"column":0},"end":{"line":106,"column":45}},"106":{"start":{"line":107,"column":0},"end":{"line":107,"column":61}},"107":{"start":{"line":108,"column":0},"end":{"line":108,"column":36}},"108":{"start":{"line":109,"column":0},"end":{"line":109,"column":1}},"110":{"start":{"line":111,"column":0},"end":{"line":111,"column":42}},"111":{"start":{"line":112,"column":0},"end":{"line":112,"column":58}},"112":{"start":{"line":113,"column":0},"end":{"line":113,"column":36}},"113":{"start":{"line":114,"column":0},"end":{"line":114,"column":1}},"115":{"start":{"line":116,"column":0},"end":{"line":116,"column":36}},"116":{"start":{"line":117,"column":0},"end":{"line":117,"column":31}},"117":{"start":{"line":118,"column":0},"end":{"line":118,"column":7}},"118":{"start":{"line":119,"column":0},"end":{"line":119,"column":29}},"119":{"start":{"line":120,"column":0},"end":{"line":120,"column":75}},"120":{"start":{"line":121,"column":0},"end":{"line":121,"column":5}},"121":{"start":{"line":122,"column":0},"end":{"line":122,"column":13}},"122":{"start":{"line":123,"column":0},"end":{"line":123,"column":22}},"123":{"start":{"line":124,"column":0},"end":{"line":124,"column":3}},"124":{"start":{"line":125,"column":0},"end":{"line":125,"column":1}},"126":{"start":{"line":127,"column":0},"end":{"line":127,"column":42}},"127":{"start":{"line":128,"column":0},"end":{"line":128,"column":45}},"128":{"start":{"line":129,"column":0},"end":{"line":129,"column":23}},"129":{"start":{"line":130,"column":0},"end":{"line":130,"column":1}},"131":{"start":{"line":132,"column":0},"end":{"line":132,"column":40}},"132":{"start":{"line":133,"column":0},"end":{"line":133,"column":47}},"133":{"start":{"line":134,"column":0},"end":{"line":134,"column":23}},"134":{"start":{"line":135,"column":0},"end":{"line":135,"column":1}},"136":{"start":{"line":137,"column":0},"end":{"line":137,"column":49}},"137":{"start":{"line":138,"column":0},"end":{"line":138,"column":61}},"138":{"start":{"line":139,"column":0},"end":{"line":139,"column":23}},"139":{"start":{"line":140,"column":0},"end":{"line":140,"column":1}},"141":{"start":{"line":142,"column":0},"end":{"line":142,"column":47}},"142":{"start":{"line":143,"column":0},"end":{"line":143,"column":57}},"143":{"start":{"line":144,"column":0},"end":{"line":144,"column":23}},"144":{"start":{"line":145,"column":0},"end":{"line":145,"column":1}},"146":{"start":{"line":147,"column":0},"end":{"line":147,"column":3}},"147":{"start":{"line":148,"column":0},"end":{"line":148,"column":21}},"148":{"start":{"line":149,"column":0},"end":{"line":149,"column":42}},"149":{"start":{"line":150,"column":0},"end":{"line":150,"column":47}},"150":{"start":{"line":151,"column":0},"end":{"line":151,"column":73}},"151":{"start":{"line":152,"column":0},"end":{"line":152,"column":67}},"152":{"start":{"line":153,"column":0},"end":{"line":153,"column":69}},"153":{"start":{"line":154,"column":0},"end":{"line":154,"column":3}},"154":{"start":{"line":155,"column":0},"end":{"line":155,"column":59}},"155":{"start":{"line":156,"column":0},"end":{"line":156,"column":72}},"156":{"start":{"line":157,"column":0},"end":{"line":157,"column":23}},"157":{"start":{"line":158,"column":0},"end":{"line":158,"column":1}},"159":{"start":{"line":160,"column":0},"end":{"line":160,"column":3}},"160":{"start":{"line":161,"column":0},"end":{"line":161,"column":21}},"161":{"start":{"line":162,"column":0},"end":{"line":162,"column":43}},"162":{"start":{"line":163,"column":0},"end":{"line":163,"column":47}},"163":{"start":{"line":164,"column":0},"end":{"line":164,"column":50}},"164":{"start":{"line":165,"column":0},"end":{"line":165,"column":69}},"165":{"start":{"line":166,"column":0},"end":{"line":166,"column":3}},"166":{"start":{"line":167,"column":0},"end":{"line":167,"column":50}},"167":{"start":{"line":168,"column":0},"end":{"line":168,"column":64}},"168":{"start":{"line":169,"column":0},"end":{"line":169,"column":23}},"169":{"start":{"line":170,"column":0},"end":{"line":170,"column":1}},"171":{"start":{"line":172,"column":0},"end":{"line":172,"column":81}},"172":{"start":{"line":173,"column":0},"end":{"line":173,"column":18}},"173":{"start":{"line":174,"column":0},"end":{"line":174,"column":28}},"174":{"start":{"line":175,"column":0},"end":{"line":175,"column":26}},"175":{"start":{"line":176,"column":0},"end":{"line":176,"column":4}},"176":{"start":{"line":177,"column":0},"end":{"line":177,"column":83}},"177":{"start":{"line":178,"column":0},"end":{"line":178,"column":40}},"178":{"start":{"line":179,"column":0},"end":{"line":179,"column":3}},"179":{"start":{"line":180,"column":0},"end":{"line":180,"column":56}},"180":{"start":{"line":181,"column":0},"end":{"line":181,"column":23}},"181":{"start":{"line":182,"column":0},"end":{"line":182,"column":1}},"183":{"start":{"line":184,"column":0},"end":{"line":184,"column":65}},"184":{"start":{"line":185,"column":0},"end":{"line":185,"column":54}},"185":{"start":{"line":186,"column":0},"end":{"line":186,"column":36}},"186":{"start":{"line":187,"column":0},"end":{"line":187,"column":34}},"187":{"start":{"line":188,"column":0},"end":{"line":188,"column":5}},"188":{"start":{"line":189,"column":0},"end":{"line":189,"column":23}},"189":{"start":{"line":190,"column":0},"end":{"line":190,"column":1}},"191":{"start":{"line":192,"column":0},"end":{"line":192,"column":3}},"192":{"start":{"line":193,"column":0},"end":{"line":193,"column":35}},"193":{"start":{"line":194,"column":0},"end":{"line":194,"column":33}},"194":{"start":{"line":195,"column":0},"end":{"line":195,"column":39}},"195":{"start":{"line":196,"column":0},"end":{"line":196,"column":59}},"196":{"start":{"line":197,"column":0},"end":{"line":197,"column":65}},"197":{"start":{"line":198,"column":0},"end":{"line":198,"column":3}},"198":{"start":{"line":199,"column":0},"end":{"line":199,"column":41}},"199":{"start":{"line":200,"column":0},"end":{"line":200,"column":54}},"200":{"start":{"line":201,"column":0},"end":{"line":201,"column":23}},"201":{"start":{"line":202,"column":0},"end":{"line":202,"column":1}},"203":{"start":{"line":204,"column":0},"end":{"line":204,"column":3}},"204":{"start":{"line":205,"column":0},"end":{"line":205,"column":35}},"205":{"start":{"line":206,"column":0},"end":{"line":206,"column":29}},"206":{"start":{"line":207,"column":0},"end":{"line":207,"column":89}},"207":{"start":{"line":208,"column":0},"end":{"line":208,"column":41}},"208":{"start":{"line":209,"column":0},"end":{"line":209,"column":3}},"209":{"start":{"line":210,"column":0},"end":{"line":210,"column":40}},"210":{"start":{"line":211,"column":0},"end":{"line":211,"column":50}},"211":{"start":{"line":212,"column":0},"end":{"line":212,"column":23}},"212":{"start":{"line":213,"column":0},"end":{"line":213,"column":1}},"214":{"start":{"line":215,"column":0},"end":{"line":215,"column":3}},"215":{"start":{"line":216,"column":0},"end":{"line":216,"column":38}},"216":{"start":{"line":217,"column":0},"end":{"line":217,"column":27}},"217":{"start":{"line":218,"column":0},"end":{"line":218,"column":90}},"218":{"start":{"line":219,"column":0},"end":{"line":219,"column":58}},"219":{"start":{"line":220,"column":0},"end":{"line":220,"column":41}},"220":{"start":{"line":221,"column":0},"end":{"line":221,"column":3}},"221":{"start":{"line":222,"column":0},"end":{"line":222,"column":52}},"222":{"start":{"line":223,"column":0},"end":{"line":223,"column":71}},"223":{"start":{"line":224,"column":0},"end":{"line":224,"column":23}},"224":{"start":{"line":225,"column":0},"end":{"line":225,"column":1}},"226":{"start":{"line":227,"column":0},"end":{"line":227,"column":37}},"227":{"start":{"line":228,"column":0},"end":{"line":228,"column":44}},"228":{"start":{"line":229,"column":0},"end":{"line":229,"column":23}},"229":{"start":{"line":230,"column":0},"end":{"line":230,"column":1}},"231":{"start":{"line":232,"column":0},"end":{"line":232,"column":44}},"232":{"start":{"line":233,"column":0},"end":{"line":233,"column":54}},"233":{"start":{"line":234,"column":0},"end":{"line":234,"column":23}},"234":{"start":{"line":235,"column":0},"end":{"line":235,"column":1}},"236":{"start":{"line":237,"column":0},"end":{"line":237,"column":53}},"237":{"start":{"line":238,"column":0},"end":{"line":238,"column":66}},"238":{"start":{"line":239,"column":0},"end":{"line":239,"column":23}},"239":{"start":{"line":240,"column":0},"end":{"line":240,"column":1}},"241":{"start":{"line":242,"column":0},"end":{"line":242,"column":44}},"242":{"start":{"line":243,"column":0},"end":{"line":243,"column":58}},"243":{"start":{"line":244,"column":0},"end":{"line":244,"column":23}},"244":{"start":{"line":245,"column":0},"end":{"line":245,"column":1}},"246":{"start":{"line":247,"column":0},"end":{"line":247,"column":3}},"247":{"start":{"line":248,"column":0},"end":{"line":248,"column":26}},"248":{"start":{"line":249,"column":0},"end":{"line":249,"column":34}},"249":{"start":{"line":250,"column":0},"end":{"line":250,"column":41}},"250":{"start":{"line":251,"column":0},"end":{"line":251,"column":61}},"251":{"start":{"line":252,"column":0},"end":{"line":252,"column":66}},"252":{"start":{"line":253,"column":0},"end":{"line":253,"column":3}},"253":{"start":{"line":254,"column":0},"end":{"line":254,"column":43}},"254":{"start":{"line":255,"column":0},"end":{"line":255,"column":55}},"255":{"start":{"line":256,"column":0},"end":{"line":256,"column":23}},"256":{"start":{"line":257,"column":0},"end":{"line":257,"column":1}},"258":{"start":{"line":259,"column":0},"end":{"line":259,"column":3}},"259":{"start":{"line":260,"column":0},"end":{"line":260,"column":23}},"260":{"start":{"line":261,"column":0},"end":{"line":261,"column":31}},"261":{"start":{"line":262,"column":0},"end":{"line":262,"column":75}},"262":{"start":{"line":263,"column":0},"end":{"line":263,"column":84}},"263":{"start":{"line":264,"column":0},"end":{"line":264,"column":41}},"264":{"start":{"line":265,"column":0},"end":{"line":265,"column":3}},"265":{"start":{"line":266,"column":0},"end":{"line":266,"column":51}},"266":{"start":{"line":267,"column":0},"end":{"line":267,"column":74}},"267":{"start":{"line":268,"column":0},"end":{"line":268,"column":23}},"268":{"start":{"line":269,"column":0},"end":{"line":269,"column":1}},"270":{"start":{"line":271,"column":0},"end":{"line":271,"column":3}},"271":{"start":{"line":272,"column":0},"end":{"line":272,"column":26}},"272":{"start":{"line":273,"column":0},"end":{"line":273,"column":29}},"273":{"start":{"line":274,"column":0},"end":{"line":274,"column":94}},"274":{"start":{"line":275,"column":0},"end":{"line":275,"column":41}},"275":{"start":{"line":276,"column":0},"end":{"line":276,"column":3}},"276":{"start":{"line":277,"column":0},"end":{"line":277,"column":41}},"277":{"start":{"line":278,"column":0},"end":{"line":278,"column":50}},"278":{"start":{"line":279,"column":0},"end":{"line":279,"column":23}},"279":{"start":{"line":280,"column":0},"end":{"line":280,"column":1}}},"s":{"0":1,"2":1,"3":1,"5":1,"7":1,"8":1,"9":1,"10":1,"11":1,"12":1,"14":1,"15":1,"16":1,"17":1,"18":1,"19":0,"20":0,"21":1,"23":1,"24":0,"25":0,"26":0,"27":0,"28":0,"29":0,"30":0,"31":0,"32":0,"34":0,"35":0,"36":0,"37":0,"39":1,"40":0,"41":0,"42":0,"44":0,"45":0,"46":0,"47":0,"48":0,"50":1,"51":0,"52":0,"53":0,"54":0,"55":0,"56":1,"58":1,"59":1,"60":1,"61":0,"62":0,"63":0,"64":0,"65":0,"66":0,"67":0,"69":0,"70":0,"71":0,"72":0,"73":0,"74":0,"75":0,"76":0,"78":0,"80":0,"81":0,"82":0,"83":0,"84":0,"85":0,"86":0,"87":0,"88":0,"89":0,"90":0,"91":0,"92":1,"93":1,"95":1,"96":0,"97":0,"98":0,"99":0,"100":0,"101":0,"102":0,"103":0,"105":1,"106":0,"107":0,"108":0,"110":1,"111":0,"112":0,"113":0,"115":1,"116":0,"117":0,"118":0,"119":0,"120":0,"121":0,"122":0,"123":0,"124":0,"126":1,"127":0,"128":0,"129":0,"131":1,"132":0,"133":0,"134":0,"136":1,"137":0,"138":0,"139":0,"141":1,"142":0,"143":0,"144":0,"146":1,"147":1,"148":1,"149":1,"150":1,"151":1,"152":1,"153":1,"154":1,"155":0,"156":0,"157":0,"159":1,"160":1,"161":1,"162":1,"163":1,"164":1,"165":1,"166":1,"167":0,"168":0,"169":0,"171":1,"172":0,"173":0,"174":0,"175":0,"176":0,"177":0,"178":0,"179":0,"180":0,"181":0,"183":1,"184":0,"185":0,"186":0,"187":0,"188":0,"189":0,"191":1,"192":1,"193":1,"194":1,"195":1,"196":1,"197":1,"198":1,"199":0,"200":0,"201":0,"203":1,"204":1,"205":1,"206":1,"207":1,"208":1,"209":1,"210":0,"211":0,"212":0,"214":1,"215":1,"216":1,"217":1,"218":1,"219":1,"220":1,"221":1,"222":0,"223":0,"224":0,"226":1,"227":0,"228":0,"229":0,"231":1,"232":0,"233":0,"234":0,"236":1,"237":0,"238":0,"239":0,"241":1,"242":0,"243":0,"244":0,"246":1,"247":1,"248":1,"249":1,"250":1,"251":1,"252":1,"253":1,"254":0,"255":0,"256":0,"258":1,"259":1,"260":1,"261":1,"262":1,"263":1,"264":1,"265":1,"266":0,"267":0,"268":0,"270":1,"271":1,"272":1,"273":1,"274":1,"275":1,"276":1,"277":0,"278":0,"279":0},"branchMap":{"0":{"type":"branch","line":15,"loc":{"start":{"line":15,"column":7},"end":{"line":22,"column":1}},"locations":[{"start":{"line":15,"column":7},"end":{"line":22,"column":1}}]},"1":{"type":"branch","line":18,"loc":{"start":{"line":18,"column":15},"end":{"line":18,"column":32}},"locations":[{"start":{"line":18,"column":15},"end":{"line":18,"column":32}}]},"2":{"type":"branch","line":19,"loc":{"start":{"line":19,"column":4},"end":{"line":21,"column":3}},"locations":[{"start":{"line":19,"column":4},"end":{"line":21,"column":3}}]}},"b":{"0":[1],"1":[0],"2":[0]},"fnMap":{"0":{"name":"getStoredAuth","decl":{"start":{"line":15,"column":7},"end":{"line":22,"column":1}},"loc":{"start":{"line":15,"column":7},"end":{"line":22,"column":1}},"line":15},"1":{"name":"persistAuth","decl":{"start":{"line":24,"column":7},"end":{"line":38,"column":1}},"loc":{"start":{"line":24,"column":7},"end":{"line":38,"column":1}},"line":24},"2":{"name":"clearStoredAuth","decl":{"start":{"line":40,"column":7},"end":{"line":43,"column":1}},"loc":{"start":{"line":40,"column":7},"end":{"line":43,"column":1}},"line":40},"3":{"name":"redirectToLanding","decl":{"start":{"line":45,"column":0},"end":{"line":49,"column":1}},"loc":{"start":{"line":45,"column":0},"end":{"line":49,"column":1}},"line":45},"4":{"name":"api.interceptors.response.use.originalRequest","decl":{"start":{"line":60,"column":2},"end":{"line":60,"column":24}},"loc":{"start":{"line":60,"column":2},"end":{"line":60,"column":24}},"line":60},"5":{"name":"getErrorMessage","decl":{"start":{"line":96,"column":7},"end":{"line":104,"column":1}},"loc":{"start":{"line":96,"column":7},"end":{"line":104,"column":1}},"line":96},"6":{"name":"registerUser","decl":{"start":{"line":106,"column":7},"end":{"line":109,"column":1}},"loc":{"start":{"line":106,"column":7},"end":{"line":109,"column":1}},"line":106},"7":{"name":"loginUser","decl":{"start":{"line":111,"column":7},"end":{"line":114,"column":1}},"loc":{"start":{"line":111,"column":7},"end":{"line":114,"column":1}},"line":111},"8":{"name":"logoutUser","decl":{"start":{"line":116,"column":7},"end":{"line":125,"column":1}},"loc":{"start":{"line":116,"column":7},"end":{"line":125,"column":1}},"line":116},"9":{"name":"fetchCurrentUser","decl":{"start":{"line":127,"column":7},"end":{"line":130,"column":1}},"loc":{"start":{"line":127,"column":7},"end":{"line":130,"column":1}},"line":127},"10":{"name":"fetchLocations","decl":{"start":{"line":132,"column":7},"end":{"line":135,"column":1}},"loc":{"start":{"line":132,"column":7},"end":{"line":135,"column":1}},"line":132},"11":{"name":"fetchLocation","decl":{"start":{"line":137,"column":7},"end":{"line":140,"column":1}},"loc":{"start":{"line":137,"column":7},"end":{"line":140,"column":1}},"line":137},"12":{"name":"createLocation","decl":{"start":{"line":142,"column":7},"end":{"line":145,"column":1}},"loc":{"start":{"line":142,"column":7},"end":{"line":145,"column":1}},"line":142},"13":{"name":"updateLocation","decl":{"start":{"line":155,"column":7},"end":{"line":158,"column":1}},"loc":{"start":{"line":155,"column":7},"end":{"line":158,"column":1}},"line":155},"14":{"name":"deleteLocation","decl":{"start":{"line":167,"column":7},"end":{"line":170,"column":1}},"loc":{"start":{"line":167,"column":7},"end":{"line":170,"column":1}},"line":167},"15":{"name":"fetchPasses","decl":{"start":{"line":172,"column":7},"end":{"line":182,"column":1}},"loc":{"start":{"line":172,"column":7},"end":{"line":182,"column":1}},"line":172},"16":{"name":"refreshPasses","decl":{"start":{"line":184,"column":7},"end":{"line":190,"column":1}},"loc":{"start":{"line":184,"column":7},"end":{"line":190,"column":1}},"line":184},"17":{"name":"fetchPass","decl":{"start":{"line":199,"column":7},"end":{"line":202,"column":1}},"loc":{"start":{"line":199,"column":7},"end":{"line":202,"column":1}},"line":199},"18":{"name":"fetchPassStats","decl":{"start":{"line":210,"column":7},"end":{"line":213,"column":1}},"loc":{"start":{"line":210,"column":7},"end":{"line":213,"column":1}},"line":210},"19":{"name":"fetchSatellites","decl":{"start":{"line":222,"column":7},"end":{"line":225,"column":1}},"loc":{"start":{"line":222,"column":7},"end":{"line":225,"column":1}},"line":222},"20":{"name":"fetchAlerts","decl":{"start":{"line":227,"column":7},"end":{"line":230,"column":1}},"loc":{"start":{"line":227,"column":7},"end":{"line":230,"column":1}},"line":227},"21":{"name":"createAlert","decl":{"start":{"line":232,"column":7},"end":{"line":235,"column":1}},"loc":{"start":{"line":232,"column":7},"end":{"line":235,"column":1}},"line":232},"22":{"name":"updateAlert","decl":{"start":{"line":237,"column":7},"end":{"line":240,"column":1}},"loc":{"start":{"line":237,"column":7},"end":{"line":240,"column":1}},"line":237},"23":{"name":"deleteAlert","decl":{"start":{"line":242,"column":7},"end":{"line":245,"column":1}},"loc":{"start":{"line":242,"column":7},"end":{"line":245,"column":1}},"line":242},"24":{"name":"fetchAlert","decl":{"start":{"line":254,"column":7},"end":{"line":257,"column":1}},"loc":{"start":{"line":254,"column":7},"end":{"line":257,"column":1}},"line":254},"25":{"name":"fetchAlertHistory","decl":{"start":{"line":266,"column":7},"end":{"line":269,"column":1}},"loc":{"start":{"line":266,"column":7},"end":{"line":269,"column":1}},"line":266},"26":{"name":"fetchAlertStats","decl":{"start":{"line":277,"column":7},"end":{"line":280,"column":1}},"loc":{"start":{"line":277,"column":7},"end":{"line":280,"column":1}},"line":277}},"f":{"0":1,"1":0,"2":0,"3":0,"4":0,"5":0,"6":0,"7":0,"8":0,"9":0,"10":0,"11":0,"12":0,"13":0,"14":0,"15":0,"16":0,"17":0,"18":0,"19":0,"20":0,"21":0,"22":0,"23":0,"24":0,"25":0,"26":0}}
,"/Users/adriancardina/Desktop/satellitepredictiontracker/frontend/src/auth/AuthContext.tsx": {"path":"/Users/adriancardina/Desktop/satellitepredictiontracker/frontend/src/auth/AuthContext.tsx","all":false,"statementMap":{"0":{"start":{"line":1,"column":0},"end":{"line":1,"column":8}},"8":{"start":{"line":9,"column":0},"end":{"line":9,"column":8}},"16":{"start":{"line":17,"column":0},"end":{"line":17,"column":40}},"18":{"start":{"line":19,"column":0},"end":{"line":19,"column":44}},"19":{"start":{"line":20,"column":0},"end":{"line":20,"column":58}},"21":{"start":{"line":22,"column":0},"end":{"line":22,"column":19}},"22":{"start":{"line":23,"column":0},"end":{"line":23,"column":52}},"23":{"start":{"line":24,"column":0},"end":{"line":24,"column":49}},"24":{"start":{"line":25,"column":0},"end":{"line":25,"column":64}},"25":{"start":{"line":26,"column":0},"end":{"line":26,"column":18}},"26":{"start":{"line":27,"column":0},"end":{"line":27,"column":54}},"27":{"start":{"line":28,"column":0},"end":{"line":28,"column":69}},"28":{"start":{"line":29,"column":0},"end":{"line":29,"column":6}},"29":{"start":{"line":30,"column":0},"end":{"line":30,"column":9}},"31":{"start":{"line":32,"column":0},"end":{"line":32,"column":48}},"32":{"start":{"line":33,"column":0},"end":{"line":33,"column":46}},"33":{"start":{"line":34,"column":0},"end":{"line":34,"column":22}},"34":{"start":{"line":35,"column":0},"end":{"line":35,"column":20}},"35":{"start":{"line":36,"column":0},"end":{"line":36,"column":9}},"37":{"start":{"line":38,"column":0},"end":{"line":38,"column":51}},"38":{"start":{"line":39,"column":0},"end":{"line":39,"column":49}},"39":{"start":{"line":40,"column":0},"end":{"line":40,"column":22}},"40":{"start":{"line":41,"column":0},"end":{"line":41,"column":20}},"41":{"start":{"line":42,"column":0},"end":{"line":42,"column":9}},"43":{"start":{"line":44,"column":0},"end":{"line":44,"column":42}},"44":{"start":{"line":45,"column":0},"end":{"line":45,"column":23}},"45":{"start":{"line":46,"column":0},"end":{"line":46,"column":18}},"46":{"start":{"line":47,"column":0},"end":{"line":47,"column":9}},"48":{"start":{"line":49,"column":0},"end":{"line":49,"column":39}},"49":{"start":{"line":50,"column":0},"end":{"line":50,"column":22}},"50":{"start":{"line":51,"column":0},"end":{"line":51,"column":18}},"51":{"start":{"line":52,"column":0},"end":{"line":52,"column":9}},"53":{"start":{"line":54,"column":0},"end":{"line":54,"column":24}},"54":{"start":{"line":55,"column":0},"end":{"line":55,"column":12}},"55":{"start":{"line":56,"column":0},"end":{"line":56,"column":11}},"56":{"start":{"line":57,"column":0},"end":{"line":57,"column":65}},"57":{"start":{"line":58,"column":0},"end":{"line":58,"column":50}},"58":{"start":{"line":59,"column":0},"end":{"line":59,"column":12}},"59":{"start":{"line":60,"column":0},"end":{"line":60,"column":15}},"60":{"start":{"line":61,"column":0},"end":{"line":61,"column":13}},"61":{"start":{"line":62,"column":0},"end":{"line":62,"column":16}},"62":{"start":{"line":63,"column":0},"end":{"line":63,"column":7}},"63":{"start":{"line":64,"column":0},"end":{"line":64,"column":47}},"64":{"start":{"line":65,"column":0},"end":{"line":65,"column":4}},"66":{"start":{"line":67,"column":0},"end":{"line":67,"column":79}},"67":{"start":{"line":68,"column":0},"end":{"line":68,"column":1}},"69":{"start":{"line":70,"column":0},"end":{"line":70,"column":27}},"70":{"start":{"line":71,"column":0},"end":{"line":71,"column":40}},"71":{"start":{"line":72,"column":0},"end":{"line":72,"column":15}},"72":{"start":{"line":73,"column":0},"end":{"line":73,"column":64}},"73":{"start":{"line":74,"column":0},"end":{"line":74,"column":3}},"74":{"start":{"line":75,"column":0},"end":{"line":75,"column":15}},"75":{"start":{"line":76,"column":0},"end":{"line":76,"column":1}}},"s":{"0":1,"8":1,"16":1,"18":1,"19":1,"21":1,"22":1,"23":1,"24":1,"25":1,"26":1,"27":1,"28":1,"29":1,"31":1,"32":0,"33":0,"34":0,"35":1,"37":1,"38":0,"39":0,"40":0,"41":1,"43":1,"44":0,"45":0,"46":1,"48":1,"49":0,"50":0,"51":1,"53":1,"54":1,"55":1,"56":1,"57":1,"58":1,"59":1,"60":1,"61":1,"62":1,"63":1,"64":1,"66":1,"67":1,"69":1,"70":1,"71":1,"72":0,"73":0,"74":1,"75":1},"branchMap":{"0":{"type":"branch","line":19,"loc":{"start":{"line":19,"column":7},"end":{"line":68,"column":1}},"locations":[{"start":{"line":19,"column":7},"end":{"line":68,"column":1}}]},"1":{"type":"branch","line":20,"loc":{"start":{"line":20,"column":35},"end":{"line":20,"column":56}},"locations":[{"start":{"line":20,"column":35},"end":{"line":20,"column":56}}]},"2":{"type":"branch","line":22,"loc":{"start":{"line":22,"column":12},"end":{"line":30,"column":5}},"locations":[{"start":{"line":22,"column":12},"end":{"line":30,"column":5}}]},"3":{"type":"branch","line":26,"loc":{"start":{"line":26,"column":11},"end":{"line":29,"column":6}},"locations":[{"start":{"line":26,"column":11},"end":{"line":29,"column":6}}]},"4":{"type":"branch","line":55,"loc":{"start":{"line":55,"column":4},"end":{"line":63,"column":7}},"locations":[{"start":{"line":55,"column":4},"end":{"line":63,"column":7}}]},"5":{"type":"branch","line":57,"loc":{"start":{"line":57,"column":12},"end":{"line":57,"column":60}},"locations":[{"start":{"line":57,"column":12},"end":{"line":57,"column":60}}]},"6":{"type":"branch","line":58,"loc":{"start":{"line":58,"column":31},"end":{"line":58,"column":48}},"locations":[{"start":{"line":58,"column":31},"end":{"line":58,"column":48}}]},"7":{"type":"branch","line":70,"loc":{"start":{"line":70,"column":7},"end":{"line":76,"column":1}},"locations":[{"start":{"line":70,"column":7},"end":{"line":76,"column":1}}]},"8":{"type":"branch","line":72,"loc":{"start":{"line":72,"column":14},"end":{"line":74,"column":3}},"locations":[{"start":{"line":72,"column":14},"end":{"line":74,"column":3}}]}},"b":{"0":[1],"1":[1],"2":[1],"3":[1],"4":[1],"5":[0],"6":[0],"7":[1],"8":[0]},"fnMap":{"0":{"name":"AuthProvider","decl":{"start":{"line":19,"column":7},"end":{"line":68,"column":1}},"loc":{"start":{"line":19,"column":7},"end":{"line":68,"column":1}},"line":19},"1":{"name":"syncAuth","decl":{"start":{"line":23,"column":21},"end":{"line":23,"column":52}},"loc":{"start":{"line":23,"column":21},"end":{"line":23,"column":52}},"line":23},"2":{"name":"useAuth","decl":{"start":{"line":70,"column":7},"end":{"line":76,"column":1}},"loc":{"start":{"line":70,"column":7},"end":{"line":76,"column":1}},"line":70}},"f":{"0":1,"1":0,"2":1}}
,"/Users/adriancardina/Desktop/satellitepredictiontracker/frontend/src/components/3d/EarthGlobe.tsx": {"path":"/Users/adriancardina/Desktop/satellitepredictiontracker/frontend/src/components/3d/EarthGlobe.tsx","all":true,"statementMap":{"0":{"start":{"line":1,"column":0},"end":{"line":1,"column":44}},"1":{"start":{"line":2,"column":0},"end":{"line":2,"column":72}},"2":{"start":{"line":3,"column":0},"end":{"line":3,"column":70}},"3":{"start":{"line":4,"column":0},"end":{"line":4,"column":61}},"4":{"start":{"line":5,"column":0},"end":{"line":5,"column":69}},"5":{"start":{"line":6,"column":0},"end":{"line":6,"column":65}},"6":{"start":{"line":7,"column":0},"end":{"line":7,"column":70}},"7":{"start":{"line":8,"column":0},"end":{"line":8,"column":50}},"9":{"start":{"line":10,"column":0},"end":{"line":10,"column":25}},"10":{"start":{"line":11,"column":0},"end":{"line":11,"column":38}},"11":{"start":{"line":12,"column":0},"end":{"line":12,"column":30}},"12":{"start":{"line":13,"column":0},"end":{"line":13,"column":35}},"13":{"start":{"line":14,"column":0},"end":{"line":14,"column":32}},"14":{"start":{"line":15,"column":0},"end":{"line":15,"column":31}},"15":{"start":{"line":16,"column":0},"end":{"line":16,"column":28}},"16":{"start":{"line":17,"column":0},"end":{"line":17,"column":70}},"17":{"start":{"line":18,"column":0},"end":{"line":18,"column":70}},"18":{"start":{"line":19,"column":0},"end":{"line":19,"column":91}},"19":{"start":{"line":20,"column":0},"end":{"line":20,"column":2}},"32":{"start":{"line":33,"column":0},"end":{"line":33,"column":58}},"33":{"start":{"line":34,"column":0},"end":{"line":34,"column":67}},"43":{"start":{"line":44,"column":0},"end":{"line":44,"column":36}},"44":{"start":{"line":45,"column":0},"end":{"line":45,"column":22}},"45":{"start":{"line":46,"column":0},"end":{"line":46,"column":41}},"46":{"start":{"line":47,"column":0},"end":{"line":47,"column":26}},"47":{"start":{"line":48,"column":0},"end":{"line":48,"column":48}},"48":{"start":{"line":49,"column":0},"end":{"line":49,"column":44}},"49":{"start":{"line":50,"column":0},"end":{"line":50,"column":7}},"50":{"start":{"line":51,"column":0},"end":{"line":51,"column":25}},"51":{"start":{"line":52,"column":0},"end":{"line":52,"column":4}},"52":{"start":{"line":53,"column":0},"end":{"line":53,"column":30}},"53":{"start":{"line":54,"column":0},"end":{"line":54,"column":32}},"54":{"start":{"line":55,"column":0},"end":{"line":55,"column":40}},"55":{"start":{"line":56,"column":0},"end":{"line":56,"column":46}},"56":{"start":{"line":57,"column":0},"end":{"line":57,"column":12}},"57":{"start":{"line":58,"column":0},"end":{"line":58,"column":38}},"58":{"start":{"line":59,"column":0},"end":{"line":59,"column":5}},"59":{"start":{"line":60,"column":0},"end":{"line":60,"column":5}},"60":{"start":{"line":61,"column":0},"end":{"line":61,"column":1}},"62":{"start":{"line":63,"column":0},"end":{"line":63,"column":40}},"63":{"start":{"line":64,"column":0},"end":{"line":64,"column":29}},"64":{"start":{"line":65,"column":0},"end":{"line":65,"column":30}},"65":{"start":{"line":66,"column":0},"end":{"line":66,"column":28}},"66":{"start":{"li
[...]
ine":300,"column":1}}},"s":{"0":0,"1":0,"2":0,"3":0,"8":0,"9":0,"10":0,"12":0,"13":0,"14":0,"15":0,"16":0,"17":0,"19":0,"20":0,"21":0,"22":0,"23":0,"24":0,"25":0,"26":0,"27":0,"29":0,"30":0,"31":0,"32":0,"33":0,"34":0,"35":0,"36":0,"37":0,"38":0,"40":0,"41":0,"42":0,"43":0,"45":0,"46":0,"47":0,"48":0,"49":0,"50":0,"51":0,"52":0,"53":0,"54":0,"55":0,"56":0,"57":0,"58":0,"59":0,"60":0,"62":0,"63":0,"64":0,"66":0,"67":0,"68":0,"69":0,"70":0,"71":0,"72":0,"73":0,"74":0,"75":0,"76":0,"78":0,"79":0,"80":0,"81":0,"82":0,"84":0,"85":0,"86":0,"87":0,"88":0,"89":0,"90":0,"91":0,"92":0,"93":0,"94":0,"95":0,"96":0,"97":0,"98":0,"99":0,"100":0,"101":0,"102":0,"103":0,"105":0,"106":0,"107":0,"108":0,"110":0,"111":0,"112":0,"113":0,"114":0,"115":0,"117":0,"118":0,"119":0,"121":0,"122":0,"123":0,"124":0,"125":0,"126":0,"127":0,"128":0,"129":0,"130":0,"131":0,"132":0,"133":0,"134":0,"135":0,"136":0,"137":0,"138":0,"139":0,"140":0,"142":0,"143":0,"144":0,"145":0,"146":0,"147":0,"148":0,"149":0,"150":0,"152":0,"153":0,"154":0,"155":0,"156":0,"157":0,"158":0,"159":0,"160":0,"162":0,"163":0,"164":0,"165":0,"166":0,"167":0,"168":0,"170":0,"171":0,"172":0,"173":0,"174":0,"176":0,"177":0,"178":0,"180":0,"181":0,"182":0,"183":0,"184":0,"185":0,"186":0,"187":0,"188":0,"189":0,"190":0,"191":0,"192":0,"193":0,"195":0,"196":0,"197":0,"198":0,"199":0,"200":0,"201":0,"202":0,"203":0,"204":0,"205":0,"206":0,"207":0,"208":0,"209":0,"210":0,"211":0,"213":0,"214":0,"217":0,"218":0,"219":0,"220":0,"221":0,"222":0,"223":0,"225":0,"226":0,"227":0,"228":0,"229":0,"231":0,"233":0,"235":0,"236":0,"237":0,"238":0,"239":0,"240":0,"241":0,"242":0,"243":0,"244":0,"245":0,"246":0,"248":0,"249":0,"250":0,"251":0,"252":0,"253":0,"254":0,"255":0,"256":0,"257":0,"258":0,"259":0,"260":0,"261":0,"262":0,"263":0,"264":0,"265":0,"266":0,"267":0,"268":0,"269":0,"270":0,"271":0,"272":0,"273":0,"274":0,"275":0,"277":0,"278":0,"279":0,"280":0,"281":0,"282":0,"283":0,"284":0,"285":0,"286":0,"287":0,"288":0,"290":0,"291":0,"292":0,"293":0,"294":0,"295":0,"296":0,"297":0,"299":0},"branchMap":{"0":{"type":"branch","line":1,"loc":{"start":{"line":1,"column":9756},"end":{"line":300,"column":1}},"locations":[{"start":{"line":1,"column":9756},"end":{"line":300,"column":1}}]}},"b":{"0":[0]},"fnMap":{"0":{"name":"(empty-report)","decl":{"start":{"line":1,"column":9756},"end":{"line":300,"column":1}},"loc":{"start":{"line":1,"column":9756},"end":{"line":300,"column":1}},"line":1}},"f":{"0":0}}
,"/Users/adriancardina/Desktop/satellitepredictiontracker/frontend/src/pages/Landing.tsx": {"path":"/Users/adriancardina/Desktop/satellitepredictiontracker/frontend/src/pages/Landing.tsx","all":true,"statementMap":{"0":{"start":{"line":1,"column":0},"end":{"line":1,"column":44}},"1":{"start":{"line":2,"column":0},"end":{"line":2,"column":47}},"2":{"start":{"line":3,"column":0},"end":{"line":3,"column":50}},"3":{"start":{"line":4,"column":0},"end":{"line":4,"column":55}},"4":{"start":{"line":5,"column":0},"end":{"line":5,"column":69}},"5":{"start":{"line":6,"column":0},"end":{"line":6,"column":69}},"6":{"start":{"line":7,"column":0},"end":{"line":7,"column":57}},"7":{"start":{"line":8,"column":0},"end":{"line":8,"column":23}},"9":{"start":{"line":10,"column":0},"end":{"line":10,"column":35}},"10":{"start":{"line":11,"column":0},"end":{"line":11,"column":51}},"11":{"start":{"line":12,"column":0},"end":{"line":12,"column":33}},"12":{"start":{"line":13,"column":0},"end":{"line":13,"column":49}},"14":{"start":{"line":15,"column":0},"end":{"line":15,"column":19}},"15":{"start":{"line":16,"column":0},"end":{"line":16,"column":33}},"16":{"start":{"line":17,"column":0},"end":{"line":17,"column":9}},"17":{"start":{"line":18,"column":0},"end":{"line":18,"column":48}},"18":{"start":{"line":19,"column":0},"end":{"line":19,"column":19}},"19":{"start":{"line":20,"column":0},"end":{"line":20,"column":60}},"20":{"start":{"line":21,"column":0},"end":{"line":21,"column":18}},"21":{"start":{"line":22,"column":0},"end":{"line":22,"column":5}},"22":{"start":{"line":23,"column":0},"end":{"line":23,"column":45}},"24":{"start":{"line":25,"column":0},"end":{"line":25,"column":10}},"25":{"start":{"line":26,"column":0},"end":{"line":26,"column":72}},"26":{"start":{"line":27,"column":0},"end":{"line":27,"column":19}},"27":{"start":{"line":28,"column":0},"end":{"line":28,"column":22}},"28":{"start":{"line":29,"column":0},"end":{"line":29,"column":44}},"29":{"start":{"line":30,"column":0},"end":{"line":30,"column":48}},"30":{"start":{"line":31,"column":0},"end":{"line":31,"column":8}},"31":{"start":{"line":32,"column":0},"end":{"line":32,"column":36}},"32":{"start":{"line":33,"column":0},"end":{"line":33,"column":38}},"33":{"start":{"line":34,"column":0},"end":{"line":34,"column":70}},"34":{"start":{"line":35,"column":0},"end":{"line":35,"column":39}},"37":{"start":{"line":38,"column":0},"end":{"line":38,"column":14}},"38":{"start":{"line":39,"column":0},"end":{"line":39,"column":14}},"39":{"start":{"line":40,"column":0},"end":{"line":40,"column":27}},"40":{"start":{"line":41,"column":0},"end":{"line":41,"column":12}},"41":{"start":{"line":42,"column":0},"end":{"line":42,"column":16}},"42":{"start":{"line":43,"column":0},"end":{"line":43,"column":32}},"43":{"start":{"line":44,"column":0},"end":{"line":44,"column":41}},"44":{"start":{"line":45,"column":0},"end":{"line":45,"column":41}},"45":{"start":{"line":46,"column":0},"end":{"line":46,"column":8}},"46":{"start":{"line":47,"column":0},"end":{"line":47,"column":11}},"48":{"start":{"line":49,"column":0},"end":{"line":49,"column":1}}},"s":{"0":0,"1":0,"2":0,"3":0,"4":0,"5":0,"6":0,"7":0,"9":0,"10":0,"11":0,"12":0,"14":0,"15":0,"16":0,"17":0,"18":0,"19":0,"20":0,"21":0,"22":0,"24":0,"25":0,"26":0,"27":0,"28":0,"29":0,"30":0,"31":0,"32":0,"33":0,"34":0,"37":0,"38":0,"39":0,"40":0,"41":0,"42":0,"43":0,"44":0,"45":0,"46":0,"48":0},"branchMap":{"0":{"type":"branch","line":1,"loc":{"start":{"line":1,"column":1629},"end":{"line":49,"column":1}},"locations":[{"start":{"line":1,"column":1629},"end":{"line":49,"column":1}}]}},"b":{"0":[0]},"fnMap":{"0":{"name":"(empty-report)","decl":{"start":{"line":1,"column":1629},"end":{"line":49,"column":1}},"loc":{"start":{"line":1,"column":1629},"end":{"line":49,"column":1}},"line":1}},"f":{"0":0}}
,"/Users/adriancardina/Desktop/satellitepredictiontracker/frontend/src/pages/LocationDetail.tsx": {"path":"/Users/adriancardina/Desktop/satellitepredictiontracker/frontend/src/pages/LocationDetail.tsx","all":true,"statementMap":{"0":{"start":{"line":1,"column":0},"end":{"line":1,"column":77}},"1":{"start":{"line":2,"column":0},"end":{"line":2,"column":53}},"2":{"start":{"line":3,"column":0},"end":{"line":3,"column":51}},"3":{"start":{"line":4,"column":0},"end":{"line":4,"column":8}},"10":{"start":{"line":11,"column":0},"end":{"line":11,"column":57}},"11":{"start":{"line":12,"column":0},"end":{"line":12,"column":55}},"13":{"start":{"line":14,"column":0},"end":{"line":14,"column":34}},"14":{"start":{"line":15,"column":0},"end":{"line":15,"column":31}},"15":{"start":{"line":16,"column":0},"end":{"line":16,"column":65}},"16":{"start":{"line":17,"column":0},"end":{"line":17,"column":1}},"18":{"start":{"line":19,"column":0},"end":{"line":19,"column":32}},"19":{"start":{"line":20,"column":0},"end":{"line":20,"column":23}},"20":{"start":{"line":21,"column":0},"end":{"line":21,"column":31}},"21":{"start":{"line":22,"column":0},"end":{"line":22,"column":3}},"22":{"start":{"line":23,"column":0},"end":{"line":23,"column":45}},"23":{"start":{"line":24,"column":0},"end":{"line":24,"column":37}},"24":{"start":{"line":25,"column":0},"end":{"line":25,"column":21}},"25":{"start":{"line":26,"column":0},"end":{"line":26,"column":99}},"26":{"start":{"line":27,"column":0},"end":{"line":27,"column":1}},"28":{"start":{"line":29,"column":0},"end":{"line":29,"column":42}},"29":{"start":{"line":30,"column":0},"end":{"line":30,"column":37}},"30":{"start":{"line":31,"column":0},"end":{"line":31,"column":49}},"31":{"start":{"line":32,"column":0},"end":{"line":32,"column":43}},"32":{"start":{"line":33,"column":0},"end":{"line":33,"column":49}},"33":{"start":{"line":34,"column":0},"end":{"line":34,"column":55}},"34":{"start":{"line":35,"column":0},"end":{"line":35,"column":63}},"35":{"start":{"line":36,"column":0},"end":{"line":36,"column":59}},"36":{"start":{"line":37,"column":0},"end":{"line":37,"column":54}},"37":{"start":{"line":38,"column":0},"end":{"line":38,"column":41}},"38":{"start":{"line":39,"column":0},"end":{"line":39,"column":43}},"40":{"start":{"line":41,"column":0},"end":{"line":41,"column":27}},"41":{"start":{"line":42,"column":0},"end":{"line":42,"column":9}},"42":{"start":{"line":43,"column":0},"end":{"line":43,"column":40}},"43":{"start":{"line":44,"column":0},"end":{"line":44,"column":82}},"44":{"start":{"line":45,"column":0},"end":{"line":45,"column":25}},"45":{"start":{"line":46,"column":0},"end":{"line":46,"column":9}},"46":{"start":{"line":47,"column":0},"end":{"line":47,"column":20}},"47":{"start":{"line":48,"column":0},"end":{"line":48,"column":15}},"48":{"start":{"line":49,"column":0},"end":{"line":49,"column":13}},"49":{"start":{"line":50,"column":0},"end":{"line":50,"column":4}},"51":{"start":{"line":52,"column":0},"end":{"line":52,"column":33}},"52":{"start":{"line":53,"column":0},"end":{"line":53,"column":29}},"53":{"start":{"line":54,"column":0},"end":{"line":54,"column":17}},"54":{"start":{"line":55,"column":0},"end":{"line":55,"column":9}},"55":{"start":{"line":56,"column":0},"end":{"line":56,"column":51}},"56":{"start":{"line":57,"column":0},"end":{"line":57,"column":24}},"57":{"start":{"line":58,"column":0},"end":{"line":58,"column":19}},"58":{"start":{"line":59,"column":0},"end":{"line":59,"column":65}},"59":{"start":{"line":60,"column":0},"end":{"line":60,"column":15}},"60":{"start":{"line":61,"column":0},"end":{"line":61,"column":32}},"61":{"start":{"line":62,"column":0},"end":{"line":62,"column":5}},"62":{"start":{"line":63,"column":0},"end":{"line":63,"column":3}},"64":{"start":{"line":65,"column":0},"end":{"line":65,"column":31}},"65":{"start":{"line":66,"column":0},"end":{"line":66,"column":27}},"66":{"start":{"line":67,"column":0},"end":{"line":67,"column":17}},"67":{"start":{"line":68,"column":0},"end":{"line":68,"column":9}},"68":{"start":{"line":69,"column":0},"end":{"line":69,"column":38}},"69":{"start":{"line":70,"column":0},"end":{"line":70,"column":19}},"70":{"start":{"line":71,"column":0},"end":{"line":71,"column":18}},"71":{"start":{"line":72,"column":0},"end":{"line":72,"column":21}},"72":{"start":{"line":73,"column":0},"end":{"line":73,"column":9}},"73":{"start":{"line":74,"column":0},"end":{"line":74,"column":22}},"74":{"start":{"line":75,"column":0},"end":{"line":75,"column":19}},"75":{"start":{"line":76,"column":0},"end":{"line":76,"column":63}},"76":{"start":{"line":77,"column":0},"end":{"line":77,"column":15}},"77":{"start":{"line":78,"column":0},"end":{"line":78,"column":30}},"78":{"start":{"line":79,"column":0},"end":{"line":79,"column":5}},"79":{"start":{"line":80,"column":0},"end":{"line":80,"column":3}},"81":{"start":{"line":82,"column":0},"end":{"line":82,"column":19}},"82":{"start":{"line":83,"column":0},"end":{"line":83,"column":19}},"83":{"start":{"line":84,"column":0},"end":{"line":84,"column":19}},"85":{"start":{"line":86,"column":0},"end":{"line":86,"column":19}},"86":{"start":{"line":87,"column":0},"end":{"line":87,"column":17}},"87":{"start":{"line":88,"column":0},"end":{"line":88,"column":44}},"89":{"start":{"line":90,"column":0},"end":{"line":90,"column":34}},"90":{"start":{"line":91,"column":0},"end":{"line":91,"column":24}},"91":{"start":{"line":92,"column":0},"end":{"line":92,"column":18}},"92":{"start":{"line":93,"column":0},"end":{"line":93,"column":17}},"93":{"start":{"line":94,"column":0},"end":{"line":94,"column":9}},"94":{"start":{"line":95,"column":0},"end":{"line":95,"column":66}},"95":{"start":{"line":96,"column":0},"end":{"line":96,"column":60}},"96":{"start":{"line":97,"column":0},"end":{"line":97,"column":25}},"97":{"start":{"line":98,"column":0},"end":{"line":98,"column":19}},"98":{"start":{"line":99,"column":0},"end":{"line":99,"column":66}},"99":{"start":{"line":100,"column":0},"end":{"line":100,"column":15}},"100":{"start":{"line":101,"column":0},"end":{"line":101,"column":27}},"101":{"start":{"line":102,"column":0},"end":{"line":102,"column":5}},"102":{"start":{"line":103,"column":0},"end":{"line":103,"column":3}},"104":{"start":{"line":105,"column":0},"end":{"line":105,"column":45}},"105":{"start":{"line":106,"column":0},"end":{"line":106,"column":31}},"106":{"start":{"line":107,"column":0},"end":{"line":107,"column":3}},"108":{"start":{"line":109,"column":0},"end":{"line":109,"column":10}},"109":{"start":{"line":110,"column":0},"end":{"line":110,"column":32}},"110":{"start":{"line":111,"column":0},"end":{"line":111,"column":50}},"111":{"start":{"line":112,"column":0},"end":{"line":112,"column":50}},"112":{"start":{"line":113,"column":0},"end":{"line":113,"column":30}},"113":{"start":{"line":114,"column":0},"end":{"line":114,"column":13}},"115":{"start":{"line":116,"column":0},"end":{"line":116,"column":43}},"116":{"start":{"line":117,"column":0},"end":{"line":117,"column":13}},"117":{"start":{"line":118,"column":0},"end":{"line":118,"column":52}},"118":{"start":{"line":119,"column":0},"end":{"line":119,"column":91}},"119":{"start":{"line":120,"column":0},"end":{"line":120,"column":13}},"120":{"start":{"line":121,"column":0},"end":{"line":121,"column":21}},"121":{"start":{"line":122,"column":0},"end":{"line":122,"column":158}},"122":{"start":{"line":123,"column":0},"end":{"line":123,"column":73}},"123":{"start":{"line":124,"column":0},"end":{"line":124,"column":14}},"124":{"start":{"line":125,"column":0},"end":{"line":125,"column":14}},"125":{"start":{"line":126,"column":0},"end":{"line":126,"column":105}},"126":{"start":{"line":127,"column":0},"end":{"line":127,"column":128}},"127":{"start":{"line":128,"column":0},"end":{"line":128,"column":72}},"128":{"start":{"line":129,"column":0},"end":{"line":129,"column":17}},"129":{"start":{"line":130,"column":0},"end":{"line":130,"column":16}},"131":{"start":{"line":132,"column":0},"end":{"line":132,"column":61}},"132":{"start":{"line":133,"column":0},"end":{"line":133,"column":65}},"134":{"start":{"line":135,"column":0},"end":{"line":135,"column":34}},"135":{"start":{"line":136,"column":0},"end":{"line":136,"column":39}},"136":{"start":{"line":137,"column":0},"end":{"line":137,"column":38}},"137":{"start":{"line":138,"column":0},"end":{"line":138,"column":42}},"138":{"start":{"line":139,"column":0},"end":{"line":139,"column":18}},"139":{"start":{"line":140,"column":0},"end":{"line":140,"column":39}},"140":{"start":{"line":141,"column":0},"end":{"line":141,"column":32}},"141":{"start":{"line":142,"column":0},"end":{"line":142,"column":50}},"142":{"start":{"line":143,"column":0},"end":{"line":143,"column":18}},"143":{"start":{"line":144,"column":0},"end":{"line":144,"column":39}},"144":{"start":{"line":145,"column":0},"end":{"line":145,"column":37}},"145":{"start":{"line":146,"column":0},"end":{"line":146,"column":98}},"146":{"start":{"line":147,"column":0},"end":{"line":147,"column":18}},"147":{"start":{"line":148,"column":0},"end":{"line":148,"column":12}},"149":{"start":{"line":150,"column":0},"end":{"line":150,"column":35}},"150":{"start":{"line":151,"column":0},"end":{"line":151,"column":48}},"151":{"start":{"line":152,"column":0},"end":{"line":152,"column":51}},"152":{"start":{"line":153,"column":0},"end":{"line":153,"column":17}},"153":{"start":{"line":154,"column":0},"end":{"line":154,"column":39}},"154":{"start":{"line":155,"column":0},"end":{"line":155,"column":73}},"155":{"start":{"line":156,"column":0},"end":{"line":156,"column":18}},"156":{"start":{"line":157,"column":0},"end":{"line":157,"column":58}},"157":{"start":{"line":158,"column":0},"end":{"line":158,"column":16}},"159":{"start":{"line":160,"column":0},"end":{"line":160,"column":39}},"160":{"start":{"line":161,"column":0},"end":{"line":161,"column":19}},"161":{"start":{"line":162,"column":0},"end":{"line":162,"column":37}},"162":{"start":{"line":163,"column":0},"end":{"line":163,"column":20}},"163":{"start":{"line":164,"column":0},"end":{"line":164,"column":24}},"164":{"start":{"line":165,"column":0},"end":{"line":165,"column":23}},"165":{"start":{"line":166,"column":0},"end":{"line":166,"column":78}},"166":{"start":{"line":167,"column":0},"end":{"line":167,"column":24}},"167":{"start":{"line":168,"column":0},"end":{"line":168,"column":29}},"168":{"start":{"line":169,"column":0},"end":{"line":169,"column":33}},"169":{"start":{"line":170,"column":0},"end":{"line":170,"column":16}},"170":{"start":{"line":171,"column":0},"end":{"line":171,"column":20}},"171":{"start":{"line":172,"column":0},"end":{"line":172,"column":19}},"172":{"start":{"line":173,"column":0},"end":{"line":173,"column":40}},"173":{"start":{"line":174,"column":0},"end":{"line":174,"column":20}},"174":{"start":{"line":175,"column":0},"end":{"line":175,"column":24}},"175":{"start":{"line":176,"column":0},"end":{"line":176,"column":23}},"176":{"start":{"line":177,"column":0},"end":{"line":177,"column":73}},"177":{"start":{"line":178,"column":0},"end":{"line":178,"column":33}},"178":{"start":{"line":179,"column":0},"end":{"line":179,"column":24}},"179":{"start":{"line":180,"column":0},"end":{"line":180,"column":29}},"180":{"start":{"line":181,"column":0},"end":{"line":181,"column":36}},"181":{"start":{"line":182,"column":0},"end":{"line":182,"column":16}},"182":{"start":{"line":183,"column":0},"end":{"line":183,"column":20}},"183":{"start":{"line":184,"column":0},"end":{"line":184,"column":16}},"185":{"start":{"line":186,"column":0},"end":{"line":186,"column":62}},"186":{"start":{"line":187,"column":0},"end":{"line":187,"column":18}},"188":{"start":{"line":189,"column":0},"end":{"line":189,"column":41}},"189":{"start":{"line":190,"column":0},"end":{"line":190,"column":76}},"190":{"start":{"line":191,"column":0},"end":{"line":191,"column":16}},"191":{"start":{"line":192,"column":0},"end":{"line":192,"column":12}},"192":{"start":{"line":193,"column":0},"end":{"line":193,"column":10}},"194":{"start":{"line":195,"column":0},"end":{"line":195,"column":1}}},"s":{"0":0,"1":0,"2":0,"3":0,"10":0,"11":0,"13":0,"14":0,"15":0,"16":0,"18":0,"19":0,"20":0,"21":0,"22":0,"23":0,"24":0,"25":0,"26":0,"28":0,"29":0,"30":0,"31":0,"32":0,"33":0,"34":0,"35":0,"36":0,"37":0,"38":0,"40":0,"41":0,"42":0,"43":0,"44":0,"45":0,"46":0,"47":0,"48":0,"49":0,"51":0,"52":0,"53":0,"54":0,"55":0,"56":0,"57":0,"58":0,"59":0,"60":0,"61":0,"62":0,"64":0,"65":0,"66":0,"67":0,"68":0,"69":0,"70":0,"71":0,"72":0,"73":0,"74":0,"75":0,"76":0,"77":0,"78":0,"79":0,"81":0,"82":0,"83":0,"85":0,"86":0,"87":0,"89":0,"90":0,"91":0,"92":0,"93":0,"94":0,"95":0,"96":0,"97":0,"98":0,"99":0,"100":0,"101":0,"102":0,"104":0,"105":0,"106":0,"108":0,"109":0,"110":0,"111":0,"112":0,"113":0,"115":0,"116":0,"117":0,"118":0,"119":0,"120":0,"121":0,"122":0,"123":0,"124":0,"125":0,"126":0,"127":0,"128":0,"129":0,"131":0,"132":0,"134":0,"135":0,"136":0,"137":0,"138":0,"139":0,"140":0,"141":0,"142":0,"143":0,"144":0,"145":0,"146":0,"147":0,"149":0,"150":0,"151":0,"152":0,"153":0,"154":0,"155":0,"156":0,"157":0,"159":0,"160":0,"161":0,"162":0,"163":0,"164":0,"165":0,"166":0,"167":0,"168":0,"169":0,"170":0,"171":0,"172":0,"173":0,"174":0,"175":0,"176":0,"177":0,"178":0,"179":0,"180":0,"181":0,"182":0,"183":0,"185":0,"186":0,"188":0,"189":0,"190":0,"191":0,"192":0,"194":0},"branchMap":{"0":{"type":"branch","line":1,"loc":{"start":{"line":1,"column":6038},"end":{"line":195,"column":1}},"locations":[{"start":{"line":1,"column":6038},"end":{"line":195,"column":1}}]}},"b":{"0":[0]},"fnMap":{"0":{"name":"(empty-report)","decl":{"start":{"line":1,"column":6038},"end":{"line":195,"column":1}},"loc":{"start":{"line":1,"column":6038},"end":{"line":195,"column":1}},"line":1}},"f":{"0":0}}
}
